==> Starting concretization pool with 72 processes
==> Environment concretized in 55.78 seconds
==> Concretized 99 specs:
[+]  646xoys  adios2@2.10.1%gcc@13.2.0~aws+blosc2+bzip2~campaign+cuda~dataspaces+fortran~hdf5~ipo~kokkos+libcatalyst~libpressio+mgard+mpi~pic+png~python~rocm+sst~sycl+sz+zfp build_system=cmake build_type=Release cuda_arch=75 generator=make patches=4247a85 arch=linux-ubuntu24.04-aarch64
[+]  xoudsfl      ^bzip2@1.0.8%gcc@13.2.0~debug~pic+shared build_system=generic arch=linux-ubuntu24.04-aarch64
[+]  sovmauk      ^c-blosc2@2.15.1%gcc@13.2.0+avx2~ipo+lizard+lz4+snappy+zlib+zstd build_system=cmake build_type=Release generator=make arch=linux-ubuntu24.04-aarch64
[+]  wl5poua          ^lizard@2.0%gcc@13.2.0 build_system=makefile arch=linux-ubuntu24.04-aarch64
[+]  5udmqqj          ^snappy@1.2.1%gcc@13.2.0~ipo+pic+shared build_system=cmake build_type=Release generator=make arch=linux-ubuntu24.04-aarch64
[+]  e544as7      ^cmake@3.30.5%gcc@13.2.0~doc+ncurses+ownlibs~qtgui build_system=generic build_type=Release patches=dbc3892 arch=linux-ubuntu24.04-aarch64
[e]  r7dn6rp      ^cuda@12.6.2%gcc@13.2.0~allow-unsupported-compilers~dev build_system=generic arch=linux-ubuntu24.04-aarch64
[+]  7urro2t      ^gcc-runtime@13.2.0%gcc@13.2.0 build_system=generic arch=linux-ubuntu24.04-aarch64
[e]  wbol7i6      ^glibc@2.39%gcc@13.2.0 build_system=autotools arch=linux-ubuntu24.04-aarch64
[+]  gytoeql      ^gmake@4.4.1%gcc@13.2.0~guile build_system=generic arch=linux-ubuntu24.04-aarch64
[+]  rxcc2qz      ^libcatalyst@2.0.0%gcc@13.2.0~conduit~fortran~ipo+mpi~python build_system=cmake build_type=Release generator=make arch=linux-ubuntu24.04-aarch64
[+]  vjlfate      ^libfabric@1.22.0%gcc@13.2.0~cuda~debug~kdreg~uring build_system=autotools fabrics=rxm,sockets,tcp,udp arch=linux-ubuntu24.04-aarch64
[+]  vkmaaow      ^libffi@3.4.6%gcc@13.2.0 build_system=autotools arch=linux-ubuntu24.04-aarch64
[+]  i435re4      ^libpng@1.6.39%gcc@13.2.0~ipo~pic build_system=cmake build_type=Release generator=make libs=shared,static arch=linux-ubuntu24.04-aarch64
[+]  bnyqrgs      ^mgard@2023-12-09%gcc@13.2.0~cuda~ipo+openmp+serial~timing~unstructured build_system=cmake build_type=Release generator=make arch=linux-ubuntu24.04-aarch64
[+]  ch62saw          ^protobuf@3.28.2%gcc@13.2.0~ipo+shared build_system=cmake build_type=Release generator=make arch=linux-ubuntu24.04-aarch64
[+]  non3ewz              ^abseil-cpp@20240722.0%gcc@13.2.0~ipo+shared build_system=cmake build_type=Release cxxstd=14 generator=make arch=linux-ubuntu24.04-aarch64
[+]  b4ettcx                  ^googletest@1.12.1%gcc@13.2.0+gmock~ipo+pthreads+shared build_system=cmake build_type=Release cxxstd=11 generator=make arch=linux-ubuntu24.04-aarch64
[e]  zao22e5      ^mpich@4.2.3%gcc@13.2.0~argobots~cuda+fortran~hwloc+hydra+libxml2+pci~rocm+romio~slurm~vci~verbs~wrapperrpath~xpmem build_system=autotools datatype-engine=auto device=ch4 netmod=ofi pmi=default arch=linux-ubuntu24.04-aarch64
[+]  qs42tdb      ^pkgconf@2.2.0%gcc@13.2.0 build_system=autotools arch=linux-ubuntu24.04-aarch64
[+]  ag546sl      ^sz@2.1.12.5%gcc@13.2.0~examples~fortran~hdf5~ipo~netcdf~openmp~pastri~python~random_access+shared~stats~time_compression build_system=cmake build_type=Release generator=make arch=linux-ubuntu24.04-aarch64
[+]  67kp3dj      ^zfp@0.5.5%gcc@13.2.0~aligned~c~cuda~fasthash~fortran~ipo~openmp~profile~python+shared~strided~twoway+utilities bsws=64 build_system=cmake build_type=Release generator=make arch=linux-ubuntu24.04-aarch64
[+]  xbs5v33  adios2@2.10.1%gcc@13.2.0~aws+blosc2+bzip2~campaign+cuda~dataspaces+fortran~hdf5~ipo~kokkos+libcatalyst~libpressio+mgard+mpi~pic+png~python~rocm+sst~sycl+sz+zfp build_system=cmake build_type=Release cuda_arch=80 generator=make patches=4247a85 arch=linux-ubuntu24.04-aarch64
[+]  t4ned3l  amrex@24.10%gcc@13.2.0~amrdata~ascent~catalyst~conduit+cuda+eb~fortran~hdf5~hypre~ipo+linear_solvers+mpi~openmp~particles~petsc~pic~plotfile_tools~rocm~shared~sundials~sycl~tiny_profile build_system=cmake build_type=Release cuda_arch=75 dimensions=1,2,3 generator=make precision=double arch=linux-ubuntu24.04-aarch64
[+]  2vp6juo  amrex@24.10%gcc@13.2.0~amrdata~ascent~catalyst~conduit+cuda+eb~fortran~hdf5~hypre~ipo+linear_solvers+mpi~openmp~particles~petsc~pic~plotfile_tools~rocm~shared~sundials~sycl~tiny_profile build_system=cmake build_type=Release cuda_arch=80 dimensions=1,2,3 generator=make precision=double arch=linux-ubuntu24.04-aarch64
[+]  v7onxbb  amrex@24.10%gcc@13.2.0~amrdata~ascent~catalyst~conduit+cuda+eb~fortran~hdf5~hypre~ipo+linear_solvers+mpi~openmp~particles~petsc~pic~plotfile_tools~rocm~shared~sundials~sycl~tiny_profile build_system=cmake build_type=Release cuda_arch=90 dimensions=1,2,3 generator=make precision=double arch=linux-ubuntu24.04-aarch64
[+]  ybvcjdc  arborx@1.7%gcc@13.2.0+cuda~ipo+mpi~openmp~rocm+serial~sycl~trilinos build_system=cmake build_type=Release cuda_arch=75 cxxstd=17 generator=make arch=linux-ubuntu24.04-aarch64
[+]  sh4lrm7      ^kokkos@4.4.01%gcc@13.2.0~aggressive_vectorization~compiler_warnings+cuda~cuda_constexpr+cuda_lambda~cuda_ldg_intrinsic~cuda_relocatable_device_code~cuda_uvm~debug~debug_bounds_check~debug_dualview_modify_check~deprecated_code~examples~hpx~hpx_async_dispatch~hwloc~ipo~memkind~numactl~openmp~openmptarget~pic~rocm+serial+shared~sycl~tests~threads~tuning+wrapper build_system=cmake build_type=Release cuda_arch=75 cxxstd=17 generator=make intel_gpu_arch=none arch=linux-ubuntu24.04-aarch64
[+]  ssq6z55  arborx@1.7%gcc@13.2.0+cuda~ipo+mpi~openmp~rocm+serial~sycl~trilinos build_system=cmake build_type=Release cuda_arch=80 cxxstd=17 generator=make arch=linux-ubuntu24.04-aarch64
[+]  pqrriyd      ^kokkos@4.4.01%gcc@13.2.0~aggressive_vectorization~compiler_warnings+cuda~cuda_constexpr+cuda_lambda~cuda_ldg_intrinsic~cuda_relocatable_device_code~cuda_uvm~debug~debug_bounds_check~debug_dualview_modify_check~deprecated_code~examples~hpx~hpx_async_dispatch~hwloc~ipo~memkind~numactl~openmp~openmptarget~pic~rocm+serial+shared~sycl~tests~threads~tuning+wrapper build_system=cmake build_type=Release cuda_arch=80 cxxstd=17 generator=make intel_gpu_arch=none arch=linux-ubuntu24.04-aarch64
[+]  6lrwjfu  arborx@1.7%gcc@13.2.0+cuda~ipo+mpi~openmp~rocm+serial~sycl~trilinos build_system=cmake build_type=Release cuda_arch=90 cxxstd=17 generator=make arch=linux-ubuntu24.04-aarch64
[+]  6i63lyt      ^kokkos@4.4.01%gcc@13.2.0~aggressive_vectorization~compiler_warnings+cuda~cuda_constexpr+cuda_lambda~cuda_ldg_intrinsic~cuda_relocatable_device_code~cuda_uvm~debug~debug_bounds_check~debug_dualview_modify_check~deprecated_code~examples~hpx~hpx_async_dispatch~hwloc~ipo~memkind~numactl~openmp~openmptarget~pic~rocm+serial+shared~sycl~tests~threads~tuning+wrapper build_system=cmake build_type=Release cuda_arch=90 cxxstd=17 generator=make intel_gpu_arch=none arch=linux-ubuntu24.04-aarch64
[+]  6vgwegy  axom@0.9.0%gcc@13.2.0+cpp14+cuda~devtools+examples+fortran+hdf5~ipo+lua~mfem+mpi+openmp~python+raja~rocm~scr+shared+tools+umpire build_system=cmake build_type=Release cuda_arch=75 generator=make arch=linux-ubuntu24.04-aarch64
[+]  s52tvyw      ^blt@0.6.2%gcc@13.2.0 build_system=generic arch=linux-ubuntu24.04-aarch64
[+]  dxwgtxp      ^cmake@3.30.5%gcc@13.2.0~doc+ncurses+ownlibs~qtgui build_system=generic build_type=Release patches=dbc3892 arch=linux-ubuntu24.04-aarch64
[+]  5xm4kwy          ^curl@8.10.1%gcc@13.2.0~gssapi~ldap~libidn2~librtmp~libssh~libssh2+nghttp2 build_system=autotools libs=shared,static tls=openssl arch=linux-ubuntu24.04-aarch64
[+]  yj5jput              ^openssl@3.3.1%gcc@13.2.0~docs+shared build_system=generic certs=mozilla arch=linux-ubuntu24.04-aarch64
[+]  lqjnee3                  ^perl@5.40.0%gcc@13.2.0+cpanm+opcode+open+shared+threads build_system=generic arch=linux-ubuntu24.04-aarch64
[+]  m43kkgq          ^zlib-ng@2.2.1%gcc@13.2.0+compat~new_strategies+opt+pic+shared build_system=autotools arch=linux-ubuntu24.04-aarch64
[+]  zyyluor      ^conduit@0.9.2%gcc@13.2.0~adios+blt_find_mpi~caliper~doc~doxygen+examples+fortran+hdf5+hdf5_compat~ipo+mpi+parmetis~python+shared~silo+test+utilities~zfp build_system=cmake build_type=Release generator=make arch=linux-ubuntu24.04-aarch64
[+]  ufdod2n          ^metis@5.1.0%gcc@13.2.0~gdb~int64~ipo~real64+shared build_system=cmake build_type=Release generator=make patches=4991da9,93a7903,b1225da arch=linux-ubuntu24.04-aarch64
[+]  kzu2xbb          ^parmetis@4.0.3%gcc@13.2.0~gdb~int64~ipo+shared build_system=cmake build_type=Release generator=make patches=4f89253,50ed208,704b84f arch=linux-ubuntu24.04-aarch64
[+]  go3syug      ^hdf5@1.8.23%gcc@13.2.0~cxx+fortran+hl~ipo+mpi+shared~szip~threadsafe+tools api=default build_system=cmake build_type=Release generator=make patches=f42732a arch=linux-ubuntu24.04-aarch64
[+]  ld4j33m      ^lua@5.4.6%gcc@13.2.0~pcfile+shared build_system=makefile fetcher=curl arch=linux-ubuntu24.04-aarch64
[+]  klzwr34          ^readline@8.2%gcc@13.2.0 build_system=autotools patches=bbf97f1 arch=linux-ubuntu24.04-aarch64
[+]  mv3yjvb          ^unzip@6.0%gcc@13.2.0 build_system=makefile patches=881d2ed,f6f6236 arch=linux-ubuntu24.04-aarch64
[+]  3j4yqau      ^raja@2024.07.0%gcc@13.2.0+cuda~desul+examples+exercises~ipo~omptarget~omptask+openmp+plugins~rocm~run-all-tests~shared~sycl~tests~vectorization build_system=cmake build_type=Release cuda_arch=75 generator=make arch=linux-ubuntu24.04-aarch64
[+]  63dky6x          ^camp@2024.07.0%gcc@13.2.0+cuda~ipo~omptarget+openmp~rocm~sycl~tests build_system=cmake build_type=Release cuda_arch=75 generator=make arch=linux-ubuntu24.04-aarch64
[+]  ubjsupr      ^umpire@2024.07.0%gcc@13.2.0~asan~backtrace+c+cuda~dev_benchmarks~device_alloc~deviceconst~examples+fmt_header_only~fortran~ipc_shmem~ipo+mpi~numa~omptarget+openmp~rocm~sanitizer_tests~shared~sqlite_experimental~tools~werror build_system=cmake build_type=Release cuda_arch=75 generator=make tests=none arch=linux-ubuntu24.04-aarch64
[+]  fdhejtv          ^fmt@11.0.2%gcc@13.2.0~ipo+pic~shared build_system=cmake build_type=Release cxxstd=11 generator=make arch=linux-ubuntu24.04-aarch64
[+]  mlr5qbq  axom@0.9.0%gcc@13.2.0+cpp14+cuda~devtools+examples+fortran+hdf5~ipo+lua~mfem+mpi+openmp~python+raja~rocm~scr+shared+tools+umpire build_system=cmake build_type=Release cuda_arch=80 generator=make arch=linux-ubuntu24.04-aarch64
[+]  rmgotfo      ^raja@2024.07.0%gcc@13.2.0+cuda~desul+examples+exercises~ipo~omptarget~omptask+openmp+plugins~rocm~run-all-tests~shared~sycl~tests~vectorization build_system=cmake build_type=Release cuda_arch=80 generator=make arch=linux-ubuntu24.04-aarch64
[+]  qfx7mws          ^camp@2024.07.0%gcc@13.2.0+cuda~ipo~omptarget+openmp~rocm~sycl~tests build_system=cmake build_type=Release cuda_arch=80 generator=make arch=linux-ubuntu24.04-aarch64
[+]  aattbht      ^umpire@2024.07.0%gcc@13.2.0~asan~backtrace+c+cuda~dev_benchmarks~device_alloc~deviceconst~examples+fmt_header_only~fortran~ipc_shmem~ipo+mpi~numa~omptarget+openmp~rocm~sanitizer_tests~shared~sqlite_experimental~tools~werror build_system=cmake build_type=Release cuda_arch=80 generator=make tests=none arch=linux-ubuntu24.04-aarch64
[+]  gchnsew  axom@0.9.0%gcc@13.2.0+cpp14+cuda~devtools+examples+fortran+hdf5~ipo+lua~mfem+mpi+openmp~python+raja~rocm~scr+shared+tools+umpire build_system=cmake build_type=Release cuda_arch=90 generator=make arch=linux-ubuntu24.04-aarch64
[+]  gbnncy7      ^raja@2024.07.0%gcc@13.2.0+cuda~desul+examples+exercises~ipo~omptarget~omptask+openmp+plugins~rocm~run-all-tests~shared~sycl~tests~vectorization build_system=cmake build_type=Release cuda_arch=90 generator=make arch=linux-ubuntu24.04-aarch64
[+]  f3vyohc          ^camp@2024.07.0%gcc@13.2.0+cuda~ipo~omptarget+openmp~rocm~sycl~tests build_system=cmake build_type=Release cuda_arch=90 generator=make arch=linux-ubuntu24.04-aarch64
[+]  gibrrcd      ^umpire@2024.07.0%gcc@13.2.0~asan~backtrace+c+cuda~dev_benchmarks~device_alloc~deviceconst~examples+fmt_header_only~fortran~ipc_shmem~ipo+mpi~numa~omptarget+openmp~rocm~sanitizer_tests~shared~sqlite_experimental~tools~werror build_system=cmake build_type=Release cuda_arch=90 generator=make tests=none arch=linux-ubuntu24.04-aarch64
[+]  fjvdl7q  cabana@0.7.0%gcc@13.2.0~all~arborx~cajita+cuda~examples~grid~hdf5~heffte~hypre~ipo+mpi~openmp~openmptarget~performance_testing~rocm+serial+shared~silo~sycl~testing~threads build_system=cmake build_type=Release cuda_arch=75 generator=make arch=linux-ubuntu24.04-aarch64
[+]  tcrr7um      ^cmake@3.25.3%gcc@13.2.0~doc+ncurses+ownlibs~qtgui build_system=generic build_type=Release patches=dbc3892 arch=linux-ubuntu24.04-aarch64
[+]  iagmt4a      ^kokkos@4.4.01%gcc@13.2.0~aggressive_vectorization~compiler_warnings+cuda~cuda_constexpr+cuda_lambda~cuda_ldg_intrinsic~cuda_relocatable_device_code~cuda_uvm~debug~debug_bounds_check~debug_dualview_modify_check~deprecated_code~examples~hpx~hpx_async_dispatch~hwloc~ipo~memkind~numactl~openmp~openmptarget~pic~rocm+serial+shared~sycl~tests~threads~tuning+wrapper build_system=cmake build_type=Release cuda_arch=75 cxxstd=17 generator=make intel_gpu_arch=none arch=linux-ubuntu24.04-aarch64
[+]  jyrqwmi  cabana@0.7.0%gcc@13.2.0~all~arborx~cajita+cuda~examples~grid~hdf5~heffte~hypre~ipo+mpi~openmp~openmptarget~performance_testing~rocm+serial+shared~silo~sycl~testing~threads build_system=cmake build_type=Release cuda_arch=80 generator=make arch=linux-ubuntu24.04-aarch64
[+]  mufl2yb      ^kokkos@4.4.01%gcc@13.2.0~aggressive_vectorization~compiler_warnings+cuda~cuda_constexpr+cuda_lambda~cuda_ldg_intrinsic~cuda_relocatable_device_code~cuda_uvm~debug~debug_bounds_check~debug_dualview_modify_check~deprecated_code~examples~hpx~hpx_async_dispatch~hwloc~ipo~memkind~numactl~openmp~openmptarget~pic~rocm+serial+shared~sycl~tests~threads~tuning+wrapper build_system=cmake build_type=Release cuda_arch=80 cxxstd=17 generator=make intel_gpu_arch=none arch=linux-ubuntu24.04-aarch64
[+]  vyrbrpd  cabana@0.7.0%gcc@13.2.0~all~arborx~cajita+cuda~examples~grid~hdf5~heffte~hypre~ipo+mpi~openmp~openmptarget~performance_testing~rocm+serial+shared~silo~sycl~testing~threads build_system=cmake build_type=Release cuda_arch=90 generator=make arch=linux-ubuntu24.04-aarch64
[+]  bhwpf6a      ^kokkos@4.4.01%gcc@13.2.0~aggressive_vectorization~compiler_warnings+cuda~cuda_constexpr+cuda_lambda~cuda_ldg_intrinsic~cuda_relocatable_device_code~cuda_uvm~debug~debug_bounds_check~debug_dualview_modify_check~deprecated_code~examples~hpx~hpx_async_dispatch~hwloc~ipo~memkind~numactl~openmp~openmptarget~pic~rocm+serial+shared~sycl~tests~threads~tuning+wrapper build_system=cmake build_type=Release cuda_arch=90 cxxstd=17 generator=make intel_gpu_arch=none arch=linux-ubuntu24.04-aarch64
[+]  zztnoyr  caliper@2.11.0%gcc@13.2.0+adiak+cuda~fortran+gotcha~ipo+kokkos+libdw~libpfm+libunwind+mpi+papi~rocm+sampler+shared~sosflow~tests~variorum~vtune build_system=cmake build_type=Release cuda_arch=75 generator=make patches=0492fa6 arch=linux-ubuntu24.04-aarch64
[+]  mj6zdis      ^adiak@0.4.0%gcc@13.2.0~ipo+mpi+shared build_system=cmake build_type=Release generator=make arch=linux-ubuntu24.04-aarch64
[+]  xbgnkdl      ^elfutils@0.191%gcc@13.2.0~debuginfod+exeprefix~nls build_system=autotools arch=linux-ubuntu24.04-aarch64
[+]  ozykv6g          ^libiconv@1.17%gcc@13.2.0 build_system=autotools libs=shared,static arch=linux-ubuntu24.04-aarch64
[+]  5m4wl24          ^m4@1.4.19%gcc@13.2.0+sigsegv build_system=autotools patches=9dc5fbd,bfdffa7 arch=linux-ubuntu24.04-aarch64
[+]  vq6leih              ^libsigsegv@2.14%gcc@13.2.0 build_system=autotools arch=linux-ubuntu24.04-aarch64
[+]  eq43xmf      ^libunwind@1.6.2%gcc@13.2.0~block_signals~conservative_checks~cxx_exceptions~debug~debug_frame+docs+pic+tests+weak_backtrace+xz~zlib build_system=autotools components=none libs=shared,static arch=linux-ubuntu24.04-aarch64
[+]  nsre64j      ^papi@7.1.0%gcc@13.2.0~cuda~debug+example~infiniband~lmsensors~nvml~powercap~rapl+rdpmc~rocm~rocm_smi~sde+shared~static_tools build_system=autotools patches=48cb202 arch=linux-ubuntu24.04-aarch64
[e]  blvv5pt      ^python@3.10.15%gcc@13.2.0+bz2+crypt+ctypes+dbm~debug+libxml2+lzma+nis~optimizations+pic+pyexpat+pythoncmd+readline+shared+sqlite3+ssl~tkinter+uuid+zlib build_system=generic patches=0d98e93,7d40923,ebdca64,f2fd060 arch=linux-ubuntu24.04-aarch64
[+]  cvf7zkn  caliper@2.11.0%gcc@13.2.0+adiak+cuda~fortran+gotcha~ipo+kokkos+libdw~libpfm+libunwind+mpi+papi~rocm+sampler+shared~sosflow~tests~variorum~vtune build_system=cmake build_type=Release cuda_arch=80 generator=make patches=0492fa6 arch=linux-ubuntu24.04-aarch64
[+]  qkniswj  caliper@2.11.0%gcc@13.2.0+adiak+cuda~fortran+gotcha~ipo+kokkos+libdw~libpfm+libunwind+mpi+papi~rocm+sampler+shared~sosflow~tests~variorum~vtune build_system=cmake build_type=Release cuda_arch=90 generator=make patches=0492fa6 arch=linux-ubuntu24.04-aarch64
[+]  g2l6gvl  chai@2024.07.0%gcc@13.2.0+cuda~enable_pick+examples~ipo+mpi~openmp~raja~rocm+separable_compilation+shared build_system=cmake build_type=Release cuda_arch=75 generator=make tests=none arch=linux-ubuntu24.04-aarch64
[+]  jg4mzmj      ^blt@0.6.2%gcc@13.2.0 build_system=generic arch=linux-ubuntu24.04-aarch64
[+]  fylrxft      ^umpire@2024.07.0%gcc@13.2.0~asan~backtrace+c+cuda~dev_benchmarks~device_alloc~deviceconst~examples~fmt_header_only~fortran~ipc_shmem~ipo+mpi~numa~omptarget~openmp~rocm~sanitizer_tests~shared~sqlite_experimental~tools~werror build_system=cmake build_type=Release cuda_arch=75 generator=make tests=none arch=linux-ubuntu24.04-aarch64
[+]  4cryx52  chai@2024.07.0%gcc@13.2.0+cuda~enable_pick+examples~ipo+mpi~openmp~raja~rocm+separable_compilation+shared build_system=cmake build_type=Release cuda_arch=80 generator=make tests=none arch=linux-ubuntu24.04-aarch64
[+]  eewjlut      ^umpire@2024.07.0%gcc@13.2.0~asan~backtrace+c+cuda~dev_benchmarks~device_alloc~deviceconst~examples~fmt_header_only~fortran~ipc_shmem~ipo+mpi~numa~omptarget~openmp~rocm~sanitizer_tests~shared~sqlite_experimental~tools~werror build_system=cmake build_type=Release cuda_arch=80 generator=make tests=none arch=linux-ubuntu24.04-aarch64
[+]  3o2v7o5  chai@2024.07.0%gcc@13.2.0+cuda~enable_pick+examples~ipo+mpi~openmp~raja~rocm+separable_compilation+shared build_system=cmake build_type=Release cuda_arch=90 generator=make tests=none arch=linux-ubuntu24.04-aarch64
[+]  ucdj75g      ^umpire@2024.07.0%gcc@13.2.0~asan~backtrace+c+cuda~dev_benchmarks~device_alloc~deviceconst~examples~fmt_header_only~fortran~ipc_shmem~ipo+mpi~numa~omptarget~openmp~rocm~sanitizer_tests~shared~sqlite_experimental~tools~werror build_system=cmake build_type=Release cuda_arch=90 generator=make tests=none arch=linux-ubuntu24.04-aarch64
[+]  2hcydpi  cusz@0.6.0%gcc@13.2.0+cuda~ipo build_system=cmake build_type=Release cuda_arch=75 generator=make arch=linux-ubuntu24.04-aarch64
[+]  l222wy4  cusz@0.6.0%gcc@13.2.0+cuda~ipo build_system=cmake build_type=Release cuda_arch=80 generator=make arch=linux-ubuntu24.04-aarch64
[+]  cm7ov2g  cusz@0.6.0%gcc@13.2.0+cuda~ipo build_system=cmake build_type=Release cuda_arch=90 generator=make arch=linux-ubuntu24.04-aarch64
[+]  6ohpbzg  ecp-data-vis-sdk@1.0%gcc@13.2.0+adios2~ascent~cinema+cuda~darshan~faodel+fortran+hdf5~paraview~pnetcdf~rocm~sensei~sz~unifyfs~veloc~visit+vtkm+zfp build_system=bundle cuda_arch=90 arch=linux-ubuntu24.04-aarch64
[+]  wcrbm5e      ^adios2@2.10.1%gcc@13.2.0~aws+blosc2+bzip2~campaign+cuda+dataman~dataspaces+fortran+hdf5~ipo~kokkos+libcatalyst~libpressio+mgard+mpi+pic+png+python~rocm+shared+sst~sycl~sz+zfp build_system=cmake build_type=Release cuda_arch=90 generator=make patches=4247a85 arch=linux-ubuntu24.04-aarch64
[+]  eyazcyj          ^c-blosc2@2.15.1%gcc@13.2.0+avx2~ipo+lizard+lz4+snappy+zlib+zstd build_system=cmake build_type=Release generator=make arch=linux-ubuntu24.04-aarch64
[+]  xjkfiwk              ^snappy@1.2.1%gcc@13.2.0~ipo+pic+shared build_system=cmake build_type=Release generator=make arch=linux-ubuntu24.04-aarch64
[+]  gp62l5d          ^libcatalyst@2.0.0%gcc@13.2.0~conduit~fortran~ipo+mpi~python build_system=cmake build_type=Release generator=make arch=linux-ubuntu24.04-aarch64
[+]  x5yr6dn          ^libpng@1.6.39%gcc@13.2.0~ipo~pic build_system=cmake build_type=Release generator=make libs=shared,static arch=linux-ubuntu24.04-aarch64
[+]  azpt7ij          ^mgard@2023-12-09%gcc@13.2.0~cuda~ipo+openmp+serial~timing~unstructured build_system=cmake build_type=Release generator=make arch=linux-ubuntu24.04-aarch64
[+]  nthgmb2              ^libarchive@3.7.6%gcc@13.2.0+iconv build_system=autotools compression=bz2lib,lz4,lzma,lzo2,zlib,zstd crypto=openssl libs=shared,static programs=none xar=libxml2 arch=linux-ubuntu24.04-aarch64
[+]  fka4q6q                  ^libxml2@2.10.3%gcc@13.2.0+pic~python+shared build_system=autotools arch=linux-ubuntu24.04-aarch64
[+]  qmccucv              ^protobuf@3.28.2%gcc@13.2.0~ipo+shared build_system=cmake build_type=Release generator=make arch=linux-ubuntu24.04-aarch64
[+]  2dohovo                  ^abseil-cpp@20240722.0%gcc@13.2.0~ipo+shared build_system=cmake build_type=Release cxxstd=14 generator=make arch=linux-ubuntu24.04-aarch64
[+]  7w47iha                      ^googletest@1.12.1%gcc@13.2.0+gmock~ipo+pthreads+shared build_system=cmake build_type=Release cxxstd=11 generator=make arch=linux-ubuntu24.04-aarch64
[+]  q5jsvmt              ^yaml-cpp@0.8.0%gcc@13.2.0~ipo+pic+shared~tests build_system=cmake build_type=Release generator=make arch=linux-ubuntu24.04-aarch64
[+]  kdtuytp      ^hdf5@1.12.3%gcc@13.2.0~cxx+fortran+hl~ipo~java+mpi+shared~szip~threadsafe+tools api=default build_system=cmake build_type=Release generator=make patches=f42732a arch=linux-ubuntu24.04-aarch64
[+]  po5nhcf      ^vtk-m@2.2.0%gcc@13.2.0~64bitids+cuda+cuda_native+doubleprecision+examples~fpic~ipo~kokkos~logging+mpi+openmp+rendering~rocm+shared~sycl~tbb~testlib build_system=cmake build_type=Release cuda_arch=90 generator=make patches=2111608,34704cc,34f203b,ed76be8 arch=linux-ubuntu24.04-aarch64
[+]  arb32hm      ^zfp@0.5.5%gcc@13.2.0~aligned~c+cuda~fasthash~fortran~ipo~openmp~profile~python+shared~strided~twoway+utilities bsws=64 build_system=cmake build_type=Release cuda_arch=90 generator=make arch=linux-ubuntu24.04-aarch64
[+]  kz7cosw  fftx@1.2.0%gcc@13.2.0+cuda~ipo~rocm build_system=cmake build_type=Release cuda_arch=75 generator=make arch=linux-ubuntu24.04-aarch64
[+]  k4dmhki      ^spiral-software@8.5.1%gcc@13.2.0+fftx~hcol~ipo+jit+mpi+simt build_system=cmake build_type=Release generator=make arch=linux-ubuntu24.04-aarch64
[+]  v74ra6x          ^spiral-package-fftx@1.3.0%gcc@13.2.0 build_system=generic arch=linux-ubuntu24.04-aarch64
[+]  iqkm6is          ^spiral-package-jit@1.1.0%gcc@13.2.0 build_system=generic arch=linux-ubuntu24.04-aarch64
[+]  hdtupwo          ^spiral-package-mpi@1.1.0%gcc@13.2.0 build_system=generic arch=linux-ubuntu24.04-aarch64
[+]  w6ricdz          ^spiral-package-simt@1.1.0%gcc@13.2.0 build_system=generic arch=linux-ubuntu24.04-aarch64
[+]  khf5igy  fftx@1.2.0%gcc@13.2.0+cuda~ipo~rocm build_system=cmake build_type=Release cuda_arch=80 generator=make arch=linux-ubuntu24.04-aarch64
[+]  2qkmx5g  fftx@1.2.0%gcc@13.2.0+cuda~ipo~rocm build_system=cmake build_type=Release cuda_arch=90 generator=make arch=linux-ubuntu24.04-aarch64
[+]  h524b7m  flecsi@2.3.0%gcc@13.2.0+cuda~doc~flog~graphviz+hdf5~ipo~kokkos~openmp~rocm+shared backend=mpi build_system=cmake build_type=Release caliper_detail=none cuda_arch=75 generator=make arch=linux-ubuntu24.04-aarch64
[+]  2accdib      ^boost@1.79.0%gcc@13.2.0+atomic+chrono~clanglibcpp+container~context~contract~coroutine+date_time~debug+exception~fiber+filesystem+graph~graph_parallel~icu+iostreams~json+locale+log+math+mpi+multithreaded~nowide~numpy~pic+program_options~python+random+regex+serialization+shared+signals~singlethreaded+stacktrace+system~taggedlayout+test+thread+timer~type_erasure~url~versionedlayout~wave build_system=generic cxxstd=17 patches=a440f96 visibility=global arch=linux-ubuntu24.04-aarch64
[+]  lcldatk      ^hdf5@1.14.5%gcc@13.2.0~cxx+fortran+hl~ipo~java~map+mpi+shared~subfiling~szip~threadsafe+tools api=default build_system=cmake build_type=Release generator=make arch=linux-ubuntu24.04-aarch64
[+]  4ticstk      ^metis@5.1.0%gcc@13.2.0~gdb~int64~ipo~real64+shared build_system=cmake build_type=Release generator=make patches=4991da9,93a7903,b1225da arch=linux-ubuntu24.04-aarch64
[+]  znjebgb      ^parmetis@4.0.3%gcc@13.2.0~gdb~int64~ipo+shared build_system=cmake build_type=Release generator=make patches=4f89253,50ed208,704b84f arch=linux-ubuntu24.04-aarch64
[+]  gfro2gk  flecsi@2.3.0%gcc@13.2.0+cuda~doc~flog~graphviz+hdf5~ipo~kokkos~openmp~rocm+shared backend=mpi build_system=cmake build_type=Release caliper_detail=none cuda_arch=80 generator=make arch=linux-ubuntu24.04-aarch64
[+]  ubr2dnh  flecsi@2.3.0%gcc@13.2.0+cuda~doc~flog~graphviz+hdf5~ipo~kokkos~openmp~rocm+shared backend=mpi build_system=cmake build_type=Release caliper_detail=none cuda_arch=90 generator=make arch=linux-ubuntu24.04-aarch64
[+]  boyiyly  flux-core@0.66.0%gcc@13.2.0+cuda~docs~security build_system=autotools arch=linux-ubuntu24.04-aarch64
[+]  hynenhl      ^gnuconfig@2024-07-27%gcc@13.2.0 build_system=generic arch=linux-ubuntu24.04-aarch64
[+]  j5ucuq7      ^hwloc@2.11.1%gcc@13.2.0~cairo+cuda~gl~libudev+libxml2~nvml~oneapi-level-zero~opencl+pci~rocm build_system=autotools cuda_arch=none libs=shared,static arch=linux-ubuntu24.04-aarch64
[+]  7vhmeow          ^libpciaccess@0.17%gcc@13.2.0 build_system=autotools arch=linux-ubuntu24.04-aarch64
[+]  xiwlvoz              ^util-macros@1.20.1%gcc@13.2.0 build_system=autotools arch=linux-ubuntu24.04-aarch64
[+]  qgdo3ko          ^libxml2@2.10.3%gcc@13.2.0+pic~python+shared build_system=autotools arch=linux-ubuntu24.04-aarch64
[+]  nrxcdzl      ^jansson@2.14%gcc@13.2.0~ipo+shared build_system=cmake build_type=Release generator=make arch=linux-ubuntu24.04-aarch64
[+]  n66ser3      ^libarchive@3.7.6%gcc@13.2.0+iconv build_system=autotools compression=bz2lib,lz4,lzma,lzo2,zlib,zstd crypto=openssl libs=shared,static programs=none xar=libxml2 arch=linux-ubuntu24.04-aarch64
[+]  n4ashxw          ^lzo@2.10%gcc@13.2.0 build_system=autotools libs=shared,static arch=linux-ubuntu24.04-aarch64
[+]  cvotixz          ^openssl@3.3.1%gcc@13.2.0~docs+shared build_system=generic certs=mozilla arch=linux-ubuntu24.04-aarch64
[+]  6rikenb              ^ca-certificates-mozilla@2023-05-30%gcc@13.2.0 build_system=generic arch=linux-ubuntu24.04-aarch64
[+]  i6h2cnr      ^libzmq@4.3.5%gcc@13.2.0~docs~drafts+libbsd+libsodium~libunwind build_system=autotools arch=linux-ubuntu24.04-aarch64
[+]  46jy3qw          ^libbsd@0.12.2%gcc@13.2.0 build_system=autotools arch=linux-ubuntu24.04-aarch64
[+]  m57anow              ^libmd@1.0.4%gcc@13.2.0 build_system=autotools arch=linux-ubuntu24.04-aarch64
[+]  qxo36s3          ^libsodium@1.0.20%gcc@13.2.0 build_system=autotools arch=linux-ubuntu24.04-aarch64
[+]  grt6ycd      ^lua@5.3.6%gcc@13.2.0~pcfile+shared build_system=makefile fetcher=curl arch=linux-ubuntu24.04-aarch64
[+]  qkjfelj      ^lua-luaposix@36.1%gcc@13.2.0 build_system=lua arch=linux-ubuntu24.04-aarch64
[+]  ez5ypcv      ^lz4@1.10.0%gcc@13.2.0+pic build_system=makefile libs=shared,static arch=linux-ubuntu24.04-aarch64
[+]  uw74mqo      ^ncurses@6.5%gcc@13.2.0~symlinks+termlib abi=none build_system=autotools patches=7a351bc arch=linux-ubuntu24.04-aarch64
[+]  jo5neyz      ^py-cffi@1.17.1%gcc@13.2.0 build_system=python_pip arch=linux-ubuntu24.04-aarch64
[+]  j5ivg7p          ^py-pip@23.1.2%gcc@13.2.0 build_system=generic arch=linux-ubuntu24.04-aarch64
[+]  57rf7os          ^py-pycparser@2.21%gcc@13.2.0 build_system=python_pip arch=linux-ubuntu24.04-aarch64
[+]  mf56ji5          ^py-setuptools@69.2.0%gcc@13.2.0 build_system=generic arch=linux-ubuntu24.04-aarch64
[+]  vy2iuya          ^py-wheel@0.41.2%gcc@13.2.0 build_system=generic arch=linux-ubuntu24.04-aarch64
[+]  rxevjfs      ^py-ply@3.11%gcc@13.2.0 build_system=python_pip arch=linux-ubuntu24.04-aarch64
[+]  xlbvwxj      ^py-pyyaml@6.0.2%gcc@13.2.0+libyaml build_system=python_pip arch=linux-ubuntu24.04-aarch64
[+]  wnazd4x          ^libyaml@0.2.5%gcc@13.2.0 build_system=autotools arch=linux-ubuntu24.04-aarch64
[+]  qiqx7hu          ^py-cython@3.0.11%gcc@13.2.0 build_system=python_pip arch=linux-ubuntu24.04-aarch64
[+]  bjyceng      ^sqlite@3.46.0%gcc@13.2.0+column_metadata+dynamic_extensions+fts~functions+rtree build_system=autotools arch=linux-ubuntu24.04-aarch64
[+]  g3j2oqf      ^util-linux-uuid@2.40.2%gcc@13.2.0 build_system=autotools arch=linux-ubuntu24.04-aarch64
[+]  zer2p5m  ginkgo@1.8.0%gcc@13.2.0+cuda~develtools~full_optimizations~hwloc~ipo+mpi+openmp~rocm~sde+shared~sycl build_system=cmake build_type=Release cuda_arch=75 generator=make arch=linux-ubuntu24.04-aarch64
[+]  uovuhn4  ginkgo@1.8.0%gcc@13.2.0+cuda~develtools~full_optimizations~hwloc~ipo+mpi+openmp~rocm~sde+shared~sycl build_system=cmake build_type=Release cuda_arch=80 generator=make arch=linux-ubuntu24.04-aarch64
[+]  xry7pyy  ginkgo@1.8.0%gcc@13.2.0+cuda~develtools~full_optimizations~hwloc~ipo+mpi+openmp~rocm~sde+shared~sycl build_system=cmake build_type=Release cuda_arch=90 generator=make arch=linux-ubuntu24.04-aarch64
[+]  uvmfjkt  gromacs@2024.3%gcc@13.2.0~cp2k+cuda~cufftmp~cycle_subcounters~double+gmxapi+hwloc~intel_provided_gcc~ipo~mdrun_only+mpi+nblib~nosuffix~nvshmem~opencl+openmp~relaxed_double_precision+shared~sycl build_system=cmake build_type=Release cuda_arch=75 generator=make openmp_max_threads=none arch=linux-ubuntu24.04-aarch64
[+]  iuoc4eq      ^fftw@3.3.10%gcc@13.2.0+mpi~openmp~pfft_patches+shared build_system=autotools patches=872cff9 precision=double,float arch=linux-ubuntu24.04-aarch64
[+]  ms2gdqx      ^hwloc@2.11.1%gcc@13.2.0~cairo~cuda~gl~libudev+libxml2~nvml~oneapi-level-zero~opencl+pci~rocm build_system=autotools libs=shared,static arch=linux-ubuntu24.04-aarch64
[+]  ikmb4qj      ^openblas@0.3.28%gcc@13.2.0~bignuma~consistent_fpcsr+dynamic_dispatch+fortran~ilp64+locking+pic+shared build_system=makefile patches=d0b9276 symbol_suffix=none threads=openmp arch=linux-ubuntu24.04-aarch64
[+]  ox6jubh  gromacs@2024.3%gcc@13.2.0~cp2k+cuda~cufftmp~cycle_subcounters~double+gmxapi+hwloc~intel_provided_gcc~ipo~mdrun_only+mpi+nblib~nosuffix~nvshmem~opencl+openmp~relaxed_double_precision+shared~sycl build_system=cmake build_type=Release cuda_arch=80 generator=make openmp_max_threads=none arch=linux-ubuntu24.04-aarch64
[+]  n3cfbtv  gromacs@2024.3%gcc@13.2.0~cp2k+cuda~cufftmp~cycle_subcounters~double+gmxapi+hwloc~intel_provided_gcc~ipo~mdrun_only+mpi+nblib~nosuffix~nvshmem~opencl+openmp~relaxed_double_precision+shared~sycl build_system=cmake build_type=Release cuda_arch=90 generator=make openmp_max_threads=none arch=linux-ubuntu24.04-aarch64
[+]  pxuq5mw  heffte@2.4.0%gcc@13.2.0+cuda~fftw~fortran~ipo~magma~mkl~python~rocm+shared build_system=cmake build_type=Release cuda_arch=75 generator=make arch=linux-ubuntu24.04-aarch64
[+]  3zlm5hn  heffte@2.4.0%gcc@13.2.0+cuda~fftw~fortran~ipo~magma~mkl~python~rocm+shared build_system=cmake build_type=Release cuda_arch=80 generator=make arch=linux-ubuntu24.04-aarch64
[+]  dnmp7wt  heffte@2.4.0%gcc@13.2.0+cuda~fftw~fortran~ipo~magma~mkl~python~rocm+shared build_system=cmake build_type=Release cuda_arch=90 generator=make arch=linux-ubuntu24.04-aarch64
[+]  qibfw3p  hpctoolkit@2024.01.1%gcc@13.2.0~cray+cuda~debug~level_zero+mpi~opencl+papi~python~rocm+viewer build_system=autotools arch=linux-ubuntu24.04-aarch64
[+]  2jczdd2      ^autoconf@2.72%gcc@13.2.0 build_system=autotools arch=linux-ubuntu24.04-aarch64
[+]  llpg2vm          ^perl@5.40.0%gcc@13.2.0+cpanm+opcode+open+shared+threads build_system=generic arch=linux-ubuntu24.04-aarch64
[+]  mnk23fa              ^berkeley-db@18.1.40%gcc@13.2.0+cxx~docs+stl build_system=autotools patches=26090f4,b231fcc arch=linux-ubuntu24.04-aarch64
[+]  rejnw5p              ^gdbm@1.23%gcc@13.2.0 build_system=autotools arch=linux-ubuntu24.04-aarch64
[+]  k5ttveq      ^automake@1.16.5%gcc@13.2.0 build_system=autotools arch=linux-ubuntu24.04-aarch64
[+]  qoqyhlo      ^dyninst@13.0.0%gcc@13.2.0~ipo+openmp~stat_dysect~static build_system=cmake build_type=Release generator=make arch=linux-ubuntu24.04-aarch64
[+]  cqz5b25      ^elfutils@0.190%gcc@13.2.0~debuginfod+exeprefix~nls build_system=autotools arch=linux-ubuntu24.04-aarch64
[+]  kpumo2x      ^hpcviewer@2024.09%gcc@13.2.0 build_system=generic arch=linux-ubuntu24.04-aarch64
[+]  p7mqz3j      ^intel-tbb@2021.12.0%gcc@13.2.0~ipo+shared+tm build_system=cmake build_type=Release cxxstd=default generator=make arch=linux-ubuntu24.04-aarch64
[+]  f6y75fx      ^libiberty@2.41%gcc@13.2.0+pic build_system=autotools arch=linux-ubuntu24.04-aarch64
[+]  majfmgu      ^libmonitor@2023.03.15%gcc@13.2.0~commrank~dlopen+hpctoolkit build_system=autotools arch=linux-ubuntu24.04-aarch64
[+]  ygvcc35      ^libtool@2.4.7%gcc@13.2.0 build_system=autotools arch=linux-ubuntu24.04-aarch64
[+]  6uu322y          ^findutils@4.9.0%gcc@13.2.0 build_system=autotools patches=440b954 arch=linux-ubuntu24.04-aarch64
[+]  lwesvro      ^xerces-c@3.2.5%gcc@13.2.0 build_system=autotools cxxstd=default netaccessor=curl transcoder=iconv arch=linux-ubuntu24.04-aarch64
[+]  srvw4np      ^xz@5.4.6%gcc@13.2.0+pic build_system=autotools libs=shared,static arch=linux-ubuntu24.04-aarch64
[+]  3b7ajxq      ^yaml-cpp@0.8.0%gcc@13.2.0~ipo+pic+shared~tests build_system=cmake build_type=Release generator=make arch=linux-ubuntu24.04-aarch64
[+]  bm32y26      ^zlib-ng@2.2.1%gcc@13.2.0+compat+new_strategies+opt+pic+shared build_system=autotools arch=linux-ubuntu24.04-aarch64
[+]  faleghe  hpx@1.10.0%gcc@13.2.0~async_cuda~async_mpi+cuda~examples+generic_coroutines~ipo~rocm~tools build_system=cmake build_type=Release cuda_arch=75 cxxstd=17 generator=ninja instrumentation=none malloc=tcmalloc max_cpu_count=auto networking=tcp arch=linux-ubuntu24.04-aarch64
[+]  4uaglq7      ^asio@1.30.2%gcc@13.2.0~boost_coroutine~boost_regex~separate_compilation build_system=autotools cxxstd=17 arch=linux-ubuntu24.04-aarch64
[+]  u22guu5      ^boost@1.79.0%gcc@13.2.0+atomic+chrono~clanglibcpp+container+context~contract~coroutine+date_time~debug+exception~fiber+filesystem+graph~graph_parallel~icu+iostreams~json+locale+log+math+mpi+multithreaded~nowide~numpy~pic+program_options~python+random+regex+serialization+shared+signals~singlethreaded+stacktrace+system~taggedlayout+test+thread+timer~type_erasure~url~versionedlayout+wave build_system=generic context-impl=fcontext cxxstd=17 patches=a440f96 visibility=global arch=linux-ubuntu24.04-aarch64
[+]  6z7r3so          ^zstd@1.5.6%gcc@13.2.0+programs build_system=makefile compression=none libs=shared,static arch=linux-ubuntu24.04-aarch64
[+]  kdcm2d3      ^git@2.45.2%gcc@13.2.0+man+nls+perl+subtree~svn~tcltk build_system=autotools arch=linux-ubuntu24.04-aarch64
[+]  xfwokrn          ^expat@2.6.3%gcc@13.2.0+libbsd build_system=autotools arch=linux-ubuntu24.04-aarch64
[+]  cvdjw3p          ^gettext@0.22.5%gcc@13.2.0+bzip2+curses+git~libunistring+libxml2+pic+shared+tar+xz build_system=autotools arch=linux-ubuntu24.04-aarch64
[+]  4l3bkts              ^tar@1.34%gcc@13.2.0 build_system=autotools zip=pigz arch=linux-ubuntu24.04-aarch64
[+]  cxee66q                  ^pigz@2.8%gcc@13.2.0 build_system=makefile arch=linux-ubuntu24.04-aarch64
[+]  hfni774          ^libidn2@2.3.7%gcc@13.2.0 build_system=autotools arch=linux-ubuntu24.04-aarch64
[+]  3jugv6u              ^libunistring@1.2%gcc@13.2.0 build_system=autotools arch=linux-ubuntu24.04-aarch64
[+]  5xxmpce          ^openssh@9.8p1%gcc@13.2.0+gssapi build_system=autotools arch=linux-ubuntu24.04-aarch64
[+]  d52zprc              ^krb5@1.21.3%gcc@13.2.0+shared build_system=autotools arch=linux-ubuntu24.04-aarch64
[+]  dnqsh4d              ^libedit@3.1-20240808%gcc@13.2.0 build_system=autotools arch=linux-ubuntu24.04-aarch64
[+]  zykf2do              ^libxcrypt@4.4.35%gcc@13.2.0~obsolete_api build_system=autotools patches=4885da3 arch=linux-ubuntu24.04-aarch64
[+]  atq6wbg          ^pcre2@10.44%gcc@13.2.0~jit+multibyte build_system=autotools arch=linux-ubuntu24.04-aarch64
[+]  lx6vqoy      ^gperftools@2.15%gcc@13.2.0+debugalloc~dynamic_sized_delete_support~ipo+libunwind~sized_delete build_system=cmake build_type=Release generator=make arch=linux-ubuntu24.04-aarch64
[+]  gxm2cru      ^ninja@1.12.1%gcc@13.2.0+re2c build_system=generic arch=linux-ubuntu24.04-aarch64
[+]  bocpsl5          ^re2c@3.1%gcc@13.2.0 build_system=autotools arch=linux-ubuntu24.04-aarch64
[+]  7a4zt2d  hpx@1.10.0%gcc@13.2.0~async_cuda~async_mpi+cuda~examples+generic_coroutines~ipo~rocm~tools build_system=cmake build_type=Release cuda_arch=80 cxxstd=17 generator=ninja instrumentation=none malloc=tcmalloc max_cpu_count=auto networking=tcp arch=linux-ubuntu24.04-aarch64
[+]  exp37p4  hpx@1.10.0%gcc@13.2.0~async_cuda~async_mpi+cuda~examples+generic_coroutines~ipo~rocm~tools build_system=cmake build_type=Release cuda_arch=90 cxxstd=17 generator=ninja instrumentation=none malloc=tcmalloc max_cpu_count=auto networking=tcp arch=linux-ubuntu24.04-aarch64
[+]  eql2nyk  hypre@2.32.0%gcc@13.2.0~caliper~complex~cublas+cuda~debug+fortran~gptune~gpu-aware-mpi~int64~internal-superlu~magma~mixedint+mpi~openmp~rocblas~rocm+shared~superlu-dist~sycl~umpire~unified-memory build_system=autotools cuda_arch=75 precision=double arch=linux-ubuntu24.04-aarch64
[+]  5ch2yck  hypre@2.32.0%gcc@13.2.0~caliper~complex~cublas+cuda~debug+fortran~gptune~gpu-aware-mpi~int64~internal-superlu~magma~mixedint+mpi~openmp~rocblas~rocm+shared~superlu-dist~sycl~umpire~unified-memory build_system=autotools cuda_arch=80 precision=double arch=linux-ubuntu24.04-aarch64
[+]  62bftaq  hypre@2.32.0%gcc@13.2.0~caliper~complex~cublas+cuda~debug+fortran~gptune~gpu-aware-mpi~int64~internal-superlu~magma~mixedint+mpi~openmp~rocblas~rocm+shared~superlu-dist~sycl~umpire~unified-memory build_system=autotools cuda_arch=90 precision=double arch=linux-ubuntu24.04-aarch64
[+]  eukjw6l  kokkos@4.4.01%gcc@13.2.0~aggressive_vectorization~compiler_warnings+cuda~cuda_constexpr~cuda_lambda~cuda_ldg_intrinsic~cuda_relocatable_device_code~cuda_uvm~debug~debug_bounds_check~debug_dualview_modify_check~deprecated_code~examples~hpx~hpx_async_dispatch~hwloc~ipo~memkind~numactl~openmp~openmptarget~pic~rocm+serial+shared~sycl~tests~threads~tuning+wrapper build_system=cmake build_type=Release cuda_arch=75 cxxstd=17 generator=make intel_gpu_arch=none arch=linux-ubuntu24.04-aarch64
[+]  isqual5      ^kokkos-nvcc-wrapper@4.4.01%gcc@13.2.0 build_system=generic arch=linux-ubuntu24.04-aarch64
[+]  7yvenne  kokkos@4.4.01%gcc@13.2.0~aggressive_vectorization~compiler_warnings+cuda~cuda_constexpr~cuda_lambda~cuda_ldg_intrinsic~cuda_relocatable_device_code~cuda_uvm~debug~debug_bounds_check~debug_dualview_modify_check~deprecated_code~examples~hpx~hpx_async_dispatch~hwloc~ipo~memkind~numactl~openmp~openmptarget~pic~rocm+serial+shared~sycl~tests~threads~tuning+wrapper build_system=cmake build_type=Release cuda_arch=80 cxxstd=17 generator=make intel_gpu_arch=none arch=linux-ubuntu24.04-aarch64
[+]  lyglzfa  kokkos@4.4.01%gcc@13.2.0~aggressive_vectorization~compiler_warnings+cuda~cuda_constexpr~cuda_lambda~cuda_ldg_intrinsic~cuda_relocatable_device_code~cuda_uvm~debug~debug_bounds_check~debug_dualview_modify_check~deprecated_code~examples~hpx~hpx_async_dispatch~hwloc~ipo~memkind~numactl~openmp~openmptarget~pic~rocm+serial+shared~sycl~tests~threads~tuning+wrapper build_system=cmake build_type=Release cuda_arch=90 cxxstd=17 generator=make intel_gpu_arch=none arch=linux-ubuntu24.04-aarch64
[+]  dvt7jqu  kokkos-kernels@4.4.01%gcc@13.2.0~blas~cblas~cublas+cuda~cusolver~cusparse~ipo~lapack~lapacke~mkl~openmp~rocblas~rocsolver~rocsparse~serial+shared~superlu~threads build_system=cmake build_type=Release cuda_arch=75 execspace_cuda=auto execspace_openmp=auto execspace_serial=auto execspace_threads=auto generator=make layouts=left memspace_cudaspace=auto memspace_cudauvmspace=auto offsets=int,size_t ordinals=int scalars=double arch=linux-ubuntu24.04-aarch64
[+]  5cxt6fu  kokkos-kernels@4.4.01%gcc@13.2.0~blas~cblas~cublas+cuda~cusolver~cusparse~ipo~lapack~lapacke~mkl~openmp~rocblas~rocsolver~rocsparse~serial+shared~superlu~threads build_system=cmake build_type=Release cuda_arch=80 execspace_cuda=auto execspace_openmp=auto execspace_serial=auto execspace_threads=auto generator=make layouts=left memspace_cudaspace=auto memspace_cudauvmspace=auto offsets=int,size_t ordinals=int scalars=double arch=linux-ubuntu24.04-aarch64
[+]  kgcy62u  kokkos-kernels@4.4.01%gcc@13.2.0~blas~cblas~cublas+cuda~cusolver~cusparse~ipo~lapack~lapacke~mkl~openmp~rocblas~rocsolver~rocsparse~serial+shared~superlu~threads build_system=cmake build_type=Release cuda_arch=90 execspace_cuda=auto execspace_openmp=auto execspace_serial=auto execspace_threads=auto generator=make layouts=left memspace_cudaspace=auto memspace_cudauvmspace=auto offsets=int,size_t ordinals=int scalars=double arch=linux-ubuntu24.04-aarch64
[+]  mu5frjd  legion@24.09.0%gcc@13.2.0~bindings~bounds_checks+cuda~cuda_hijack~cuda_unsupported_compiler~fortran~gc~hdf5~hwloc~ipo~kokkos+libdl~openmp~papi~privilege_checks~prof~python~redop_complex~redop_half~rocm~shared~spy~sysomp+zlib build_system=cmake build_type=Release cuda_arch=70 cxxstd=17 generator=make max_dims=3 max_fields=512 max_num_nodes=1024 network=none output_level=warning arch=linux-ubuntu24.04-aarch64
[+]  m6o5fuq  libpressio@0.99.4%gcc@13.2.0~arc+bitgrooming~blosc~blosc2~boost+bzip2~clang+core+cuda~cusz~digitrounding~docs+fpzip~ftk+hdf5~ipo+json+libdistributed+lua~magick~matio+mgard~mgardx+mpi~ndzip+netcdf+openmp~openssl~petsc~pybind+python~qoz+remote+sz+sz3~szauto~szx+unix+zfp build_system=cmake build_type=Release cuda_arch=90 generator=make arch=linux-ubuntu24.04-aarch64
[+]  nn4gl3h      ^bitgroomingz@2022-10-14%gcc@13.2.0~ipo+shared build_system=cmake build_type=Release generator=make arch=linux-ubuntu24.04-aarch64
[+]  25wuqnl      ^curl@8.10.1%gcc@13.2.0~gssapi~ldap~libidn2~librtmp~libssh~libssh2+nghttp2 build_system=autotools libs=shared,static tls=openssl arch=linux-ubuntu24.04-aarch64
[+]  n4otm6o          ^nghttp2@1.63.0%gcc@13.2.0 build_system=autotools arch=linux-ubuntu24.04-aarch64
[+]  cedsrip      ^fpzip@1.3.0%gcc@13.2.0~ipo build_system=cmake build_type=Release generator=make arch=linux-ubuntu24.04-aarch64
[+]  qm6mczy      ^libdistributed@0.4.3%gcc@13.2.0~ipo build_system=cmake build_type=Release generator=make arch=linux-ubuntu24.04-aarch64
[+]  rwoftm2      ^libstdcompat@0.0.21%gcc@13.2.0~boost+cpp_unstable~ipo build_system=cmake build_type=Release cpp_compat=auto generator=make arch=linux-ubuntu24.04-aarch64
[+]  nz6wx47      ^lua-sol2@3.3.0%gcc@13.2.0~ipo build_system=cmake build_type=Release generator=make arch=linux-ubuntu24.04-aarch64
[+]  5e77mmm          ^lua@5.4.6%gcc@13.2.0~pcfile+shared build_system=makefile fetcher=curl arch=linux-ubuntu24.04-aarch64
[+]  ryaqg2p      ^mgard@2023-12-09%gcc@13.2.0~cuda~ipo+openmp+serial~timing~unstructured build_system=cmake build_type=Release generator=make arch=linux-ubuntu24.04-aarch64
[+]  bor3oyn          ^libarchive@3.7.6%gcc@13.2.0+iconv build_system=autotools compression=bz2lib,lz4,lzma,lzo2,zlib,zstd crypto=openssl libs=shared,static programs=none xar=libxml2 arch=linux-ubuntu24.04-aarch64
[+]  jr2qau2      ^netcdf-c@4.9.2%gcc@13.2.0+blosc~byterange~dap~fsync~hdf4~jna~logging+mpi~nczarr_zip+optimize~parallel-netcdf+pic+shared+szip+zstd build_system=autotools patches=0161eb8 arch=linux-ubuntu24.04-aarch64
[+]  ascoj4q          ^c-blosc@1.21.5%gcc@13.2.0+avx2~ipo build_system=cmake build_type=Release generator=make arch=linux-ubuntu24.04-aarch64
[+]  mtqlii4          ^libaec@1.0.6%gcc@13.2.0~ipo+shared build_system=cmake build_type=Release generator=make arch=linux-ubuntu24.04-aarch64
[+]  nr7bhgz      ^nlohmann-json@3.11.3%gcc@13.2.0~ipo+multiple_headers build_system=cmake build_type=Release generator=make arch=linux-ubuntu24.04-aarch64
[+]  folsshq      ^py-mpi4py@4.0.0%gcc@13.2.0 build_system=python_pip arch=linux-ubuntu24.04-aarch64
[+]  gg5a3or      ^py-numcodecs@0.13.0%gcc@13.2.0~msgpack build_system=python_pip arch=linux-ubuntu24.04-aarch64
[+]  goyk2wf          ^py-py-cpuinfo@9.0.0%gcc@13.2.0 build_system=python_pip arch=linux-ubuntu24.04-aarch64
[+]  eradumh          ^py-setuptools-scm@8.0.4%gcc@13.2.0+toml build_system=python_pip arch=linux-ubuntu24.04-aarch64
[+]  rbvokjb              ^py-packaging@24.1%gcc@13.2.0 build_system=python_pip arch=linux-ubuntu24.04-aarch64
[+]  ekqybyn                  ^py-flit-core@3.9.0%gcc@13.2.0 build_system=python_pip arch=linux-ubuntu24.04-aarch64
[+]  3hhmpl6              ^py-tomli@2.0.1%gcc@13.2.0 build_system=python_pip arch=linux-ubuntu24.04-aarch64
[+]  uztqq4w              ^py-typing-extensions@4.12.2%gcc@13.2.0 build_system=python_pip arch=linux-ubuntu24.04-aarch64
[+]  khigb5r      ^py-numpy@2.1.2%gcc@13.2.0 build_system=python_pip patches=873745d arch=linux-ubuntu24.04-aarch64
[+]  h6p6l2f          ^py-meson-python@0.16.0%gcc@13.2.0 build_system=python_pip arch=linux-ubuntu24.04-aarch64
[+]  zmmqucr              ^meson@1.5.1%gcc@13.2.0 build_system=python_pip patches=0f0b1bd arch=linux-ubuntu24.04-aarch64
[+]  i35gkvq              ^py-pyproject-metadata@0.7.1%gcc@13.2.0 build_system=python_pip arch=linux-ubuntu24.04-aarch64
[+]  ctcfduo      ^python-venv@1.0%gcc@13.2.0 build_system=generic arch=linux-ubuntu24.04-aarch64
[+]  fryz5s4      ^swig@4.1.1%gcc@13.2.0 build_system=autotools arch=linux-ubuntu24.04-aarch64
[+]  r36l4up      ^sz@2.1.12.5%gcc@13.2.0~examples~fortran~hdf5~ipo~netcdf~openmp~pastri~python~random_access+shared~stats~time_compression build_system=cmake build_type=Release generator=make arch=linux-ubuntu24.04-aarch64
[+]  jnv4cvo      ^sz3@3.2.0%gcc@13.2.0~hdf5~ipo+mdz build_system=cmake build_type=Release generator=make arch=linux-ubuntu24.04-aarch64
[+]  dsh5633          ^gsl@2.7.1%gcc@13.2.0~external-cblas+pic+shared build_system=autotools arch=linux-ubuntu24.04-aarch64
[+]  elvm6oh      ^zfp@1.0.0%gcc@13.2.0~aligned~c~cuda~daz~fasthash~fortran~ipo~openmp~profile~python+shared~strided~tight-error~twoway+utilities bsws=64 build_system=cmake build_type=Release generator=make round=never arch=linux-ubuntu24.04-aarch64
[+]  pki4uww  mfem@4.7.0%gcc@13.2.0~amgx~conduit+cuda~debug~examples~exceptions~fms~ginkgo~gnutls~gslib~hiop~lapack~libceed~libunwind+metis~miniapps~mpfr+mpi~mumps~netcdf~occa~openmp~petsc~pumi~raja~rocm~shared~slepc+static~strumpack~suite-sparse~sundials~superlu-dist~threadsafe~umpire+zlib build_system=generic cuda_arch=75 cxxstd=auto patches=71ce9ee precision=double timer=auto arch=linux-ubuntu24.04-aarch64
[+]  na3pnhr      ^hypre@2.32.0%gcc@13.2.0~caliper~complex~cublas~cuda~debug+fortran~gptune~gpu-aware-mpi~int64~internal-superlu~magma~mixedint+mpi~openmp~rocblas~rocm+shared~superlu-dist~sycl~umpire~unified-memory build_system=autotools precision=double arch=linux-ubuntu24.04-aarch64
[+]  lrzfsnl  mfem@4.7.0%gcc@13.2.0~amgx~conduit+cuda~debug~examples~exceptions~fms~ginkgo~gnutls~gslib~hiop~lapack~libceed~libunwind+metis~miniapps~mpfr+mpi~mumps~netcdf~occa~openmp~petsc~pumi~raja~rocm~shared~slepc+static~strumpack~suite-sparse~sundials~superlu-dist~threadsafe~umpire+zlib build_system=generic cuda_arch=80 cxxstd=auto patches=71ce9ee precision=double timer=auto arch=linux-ubuntu24.04-aarch64
[+]  wppazl6  mfem@4.7.0%gcc@13.2.0~amgx~conduit+cuda~debug~examples~exceptions~fms~ginkgo~gnutls~gslib~hiop~lapack~libceed~libunwind+metis~miniapps~mpfr+mpi~mumps~netcdf~occa~openmp~petsc~pumi~raja~rocm~shared~slepc+static~strumpack~suite-sparse~sundials~superlu-dist~threadsafe~umpire+zlib build_system=generic cuda_arch=90 cxxstd=auto patches=71ce9ee precision=double timer=auto arch=linux-ubuntu24.04-aarch64
[+]  j3lwmte  mgard@2023-12-09%gcc@13.2.0+cuda~ipo+openmp+serial+timing+unstructured build_system=cmake build_type=Release cuda_arch=75 generator=make arch=linux-ubuntu24.04-aarch64
[+]  4defgzt      ^nvcomp@2.2.0%gcc@13.2.0+cuda~ipo build_system=cmake build_type=Release cuda_arch=none generator=make arch=linux-ubuntu24.04-aarch64
[+]  neabvzi      ^protobuf@3.21.12%gcc@13.2.0~ipo+shared build_system=cmake build_type=Release generator=make patches=9b6dcfa arch=linux-ubuntu24.04-aarch64
[+]  cfbf5ho      ^sed@4.9%gcc@13.2.0 build_system=autotools arch=linux-ubuntu24.04-aarch64
[+]  t5f54rs      ^zstd@1.5.6%gcc@13.2.0~programs build_system=makefile libs=shared,static arch=linux-ubuntu24.04-aarch64
[+]  bysjkjb  mgard@2023-12-09%gcc@13.2.0+cuda~ipo+openmp+serial+timing+unstructured build_system=cmake build_type=Release cuda_arch=80 generator=make arch=linux-ubuntu24.04-aarch64
[+]  fwvokiw  mgard@2023-12-09%gcc@13.2.0+cuda~ipo+openmp+serial+timing+unstructured build_system=cmake build_type=Release cuda_arch=90 generator=make arch=linux-ubuntu24.04-aarch64
[+]  faldubb  parsec@3.0.2209%gcc@13.2.0+cuda~debug_verbose~ipo~profile+shared build_system=cmake build_type=RelWithDebInfo cuda_arch=75 generator=make arch=linux-ubuntu24.04-aarch64
[+]  vgjtmhc      ^bison@3.8.2%gcc@13.2.0~color build_system=autotools arch=linux-ubuntu24.04-aarch64
[+]  c2kh4q5      ^flex@2.6.3%gcc@13.2.0+lex~nls build_system=autotools arch=linux-ubuntu24.04-aarch64
[+]  v4ci3nz  parsec@3.0.2209%gcc@13.2.0+cuda~debug_verbose~ipo~profile+shared build_system=cmake build_type=RelWithDebInfo cuda_arch=80 generator=make arch=linux-ubuntu24.04-aarch64
[+]  uoy6oih  parsec@3.0.2209%gcc@13.2.0+cuda~debug_verbose~ipo~profile+shared build_system=cmake build_type=RelWithDebInfo cuda_arch=90 generator=make arch=linux-ubuntu24.04-aarch64
[+]  l2ttdr3  petsc@3.22.0%gcc@13.2.0~X~batch~cgns~complex+cuda~debug+double~exodusii~fftw+fortran~giflib+hdf5~hpddm~hwloc+hypre~int64~jpeg~knl~kokkos~libpng~libyaml~memkind+metis~mkl-pardiso~mmg~moab~mpfr+mpi~mumps~openmp~p4est~parmmg~ptscotch~random123~rocm~saws~scalapack+shared~strumpack~suite-sparse+superlu-dist~sycl~tetgen~trilinos~valgrind~zoltan build_system=generic clanguage=C cuda_arch=75 memalign=none arch=linux-ubuntu24.04-aarch64
[+]  g2rnmwr      ^diffutils@3.10%gcc@13.2.0 build_system=autotools arch=linux-ubuntu24.04-aarch64
[+]  khtmci6      ^superlu-dist@8.2.1%gcc@13.2.0~cuda~int64~ipo~openmp+parmetis~rocm+shared build_system=cmake build_type=Release generator=make arch=linux-ubuntu24.04-aarch64
[+]  dyc5sjt  petsc@3.22.0%gcc@13.2.0~X~batch~cgns~complex+cuda~debug+double~exodusii~fftw+fortran~giflib+hdf5~hpddm~hwloc+hypre~int64~jpeg~knl~kokkos~libpng~libyaml~memkind+metis~mkl-pardiso~mmg~moab~mpfr+mpi~mumps~openmp~p4est~parmmg~ptscotch~random123~rocm~saws~scalapack+shared~strumpack~suite-sparse+superlu-dist~sycl~tetgen~trilinos~valgrind~zoltan build_system=generic clanguage=C cuda_arch=80 memalign=none arch=linux-ubuntu24.04-aarch64
[+]  aygpnw6  petsc@3.22.0%gcc@13.2.0~X~batch~cgns~complex+cuda~debug+double~exodusii~fftw+fortran~giflib+hdf5~hpddm~hwloc+hypre~int64~jpeg~knl~kokkos~libpng~libyaml~memkind+metis~mkl-pardiso~mmg~moab~mpfr+mpi~mumps~openmp~p4est~parmmg~ptscotch~random123~rocm~saws~scalapack+shared~strumpack~suite-sparse+superlu-dist~sycl~tetgen~trilinos~valgrind~zoltan build_system=generic clanguage=C cuda_arch=90 memalign=none arch=linux-ubuntu24.04-aarch64
[+]  426xeyf  raja@2024.07.0%gcc@13.2.0+cuda~desul+examples+exercises~ipo~omptarget~omptask~openmp+plugins~rocm~run-all-tests~shared~sycl~tests~vectorization build_system=cmake build_type=Release cuda_arch=75 generator=make arch=linux-ubuntu24.04-aarch64
[+]  rfqmix4      ^camp@2024.07.0%gcc@13.2.0+cuda~ipo~omptarget~openmp~rocm~sycl~tests build_system=cmake build_type=Release cuda_arch=75 generator=make arch=linux-ubuntu24.04-aarch64
[+]  ry545t2          ^cub@2.1.0%gcc@13.2.0 build_system=generic arch=linux-ubuntu24.04-aarch64
[+]  nphssxd  raja@2024.07.0%gcc@13.2.0+cuda~desul+examples+exercises~ipo~omptarget~omptask~openmp+plugins~rocm~run-all-tests~shared~sycl~tests~vectorization build_system=cmake build_type=Release cuda_arch=80 generator=make arch=linux-ubuntu24.04-aarch64
[+]  q3hhicj      ^camp@2024.07.0%gcc@13.2.0+cuda~ipo~omptarget~openmp~rocm~sycl~tests build_system=cmake build_type=Release cuda_arch=80 generator=make arch=linux-ubuntu24.04-aarch64
[+]  57fw5pk  raja@2024.07.0%gcc@13.2.0+cuda~desul+examples+exercises~ipo~omptarget~omptask~openmp+plugins~rocm~run-all-tests~shared~sycl~tests~vectorization build_system=cmake build_type=Release cuda_arch=90 generator=make arch=linux-ubuntu24.04-aarch64
[+]  7oc63px      ^camp@2024.07.0%gcc@13.2.0+cuda~ipo~omptarget~openmp~rocm~sycl~tests build_system=cmake build_type=Release cuda_arch=90 generator=make arch=linux-ubuntu24.04-aarch64
[+]  h46ryza  slate@2024.05.31%gcc@13.2.0+cuda~ipo+mpi+openmp~rocm+shared~sycl build_system=cmake build_type=Release cuda_arch=75 generator=make arch=linux-ubuntu24.04-aarch64
[+]  5pcll6b      ^blaspp@2024.05.31%gcc@13.2.0+cuda~ipo+openmp~rocm+shared~sycl build_system=cmake build_type=Release cuda_arch=75 generator=make arch=linux-ubuntu24.04-aarch64
[+]  wz4xbnr      ^lapackpp@2024.05.31%gcc@13.2.0+cuda~ipo~rocm+shared~sycl build_system=cmake build_type=Release cuda_arch=75 generator=make arch=linux-ubuntu24.04-aarch64
[+]  sfu3jpz  slate@2024.05.31%gcc@13.2.0+cuda~ipo+mpi+openmp~rocm+shared~sycl build_system=cmake build_type=Release cuda_arch=80 generator=make arch=linux-ubuntu24.04-aarch64
[+]  4yk3qxj      ^blaspp@2024.05.31%gcc@13.2.0+cuda~ipo+openmp~rocm+shared~sycl build_system=cmake build_type=Release cuda_arch=80 generator=make arch=linux-ubuntu24.04-aarch64
[+]  q22m7rg      ^lapackpp@2024.05.31%gcc@13.2.0+cuda~ipo~rocm+shared~sycl build_system=cmake build_type=Release cuda_arch=80 generator=make arch=linux-ubuntu24.04-aarch64
[+]  ckbjbsn  slate@2024.05.31%gcc@13.2.0+cuda~ipo+mpi+openmp~rocm+shared~sycl build_system=cmake build_type=Release cuda_arch=90 generator=make arch=linux-ubuntu24.04-aarch64
[+]  aesxpcp      ^blaspp@2024.05.31%gcc@13.2.0+cuda~ipo+openmp~rocm+shared~sycl build_system=cmake build_type=Release cuda_arch=90 generator=make arch=linux-ubuntu24.04-aarch64
[+]  2g5xojb      ^lapackpp@2024.05.31%gcc@13.2.0+cuda~ipo~rocm+shared~sycl build_system=cmake build_type=Release cuda_arch=90 generator=make arch=linux-ubuntu24.04-aarch64
[+]  3suedre  slepc@3.22.0%gcc@13.2.0+arpack~blopex+cuda~hpddm~rocm build_system=generic cuda_arch=75 arch=linux-ubuntu24.04-aarch64
[+]  y2umkga      ^arpack-ng@3.9.0%gcc@13.2.0~icb~ipo+mpi+shared build_system=cmake build_type=Release generator=make arch=linux-ubuntu24.04-aarch64
[+]  ubjxafw      ^petsc@3.22.0%gcc@13.2.0~X~batch~cgns~complex+cuda~debug+double~exodusii~fftw+fortran~giflib+hdf5~hpddm~hwloc+hypre~int64~jpeg~knl~kokkos~libpng~libyaml~memkind+metis~mkl-pardiso~mmg~moab~mpfr+mpi~mumps~openmp~p4est~parmmg~ptscotch~random123~rocm~saws~scalapack+shared~strumpack~suite-sparse+superlu-dist~sycl~tetgen~trilinos~valgrind~zoltan build_system=generic clanguage=C cuda_arch=none memalign=none arch=linux-ubuntu24.04-aarch64
[+]  24p75os  slepc@3.22.0%gcc@13.2.0+arpack~blopex+cuda~hpddm~rocm build_system=generic cuda_arch=80 arch=linux-ubuntu24.04-aarch64
[+]  rt3advw  slepc@3.22.0%gcc@13.2.0+arpack~blopex+cuda~hpddm~rocm build_system=generic cuda_arch=90 arch=linux-ubuntu24.04-aarch64
[+]  egx4cah  strumpack@7.2.0%gcc@13.2.0+butterflypack+c_interface~count_flops+cuda~ipo~magma+mpi+openmp+parmetis~rocm~scotch+shared~slate~task_timers+zfp build_system=cmake build_type=Release cuda_arch=75 generator=make arch=linux-ubuntu24.04-aarch64
[+]  dfmptp5      ^butterflypack@2.4.0%gcc@13.2.0~ipo+openmp+shared build_system=cmake build_type=Release generator=make arch=linux-ubuntu24.04-aarch64
[+]  nw7hho6      ^netlib-scalapack@2.2.0%gcc@13.2.0~ipo~pic+shared build_system=cmake build_type=Release generator=make patches=072b006,1c9ce5f,244a9aa arch=linux-ubuntu24.04-aarch64
[+]  gzn3ufp  strumpack@7.2.0%gcc@13.2.0+butterflypack+c_interface~count_flops+cuda~ipo~magma+mpi+openmp+parmetis~rocm~scotch+shared~slate~task_timers+zfp build_system=cmake build_type=Release cuda_arch=80 generator=make arch=linux-ubuntu24.04-aarch64
[+]  tacqhg4  strumpack@7.2.0%gcc@13.2.0+butterflypack+c_interface~count_flops+cuda~ipo~magma+mpi+openmp+parmetis~rocm~scotch+shared~slate~task_timers+zfp build_system=cmake build_type=Release cuda_arch=90 generator=make arch=linux-ubuntu24.04-aarch64
[+]  2f3a6p2  sundials@7.1.1%gcc@13.2.0+ARKODE+CVODE+CVODES+IDA+IDAS+KINSOL+cuda+examples+examples-install~f2003~fcmix~ginkgo~hypre~int64~ipo~klu~kokkos~kokkos-kernels~lapack~magma~monitoring+mpi~openmp~petsc~profiling~pthread~raja~rocm+shared+static~superlu-dist~superlu-mt~sycl~trilinos build_system=cmake build_type=Release cstd=99 cuda_arch=75 cxxstd=14 generator=make logging-level=2 precision=double arch=linux-ubuntu24.04-aarch64
[+]  zbhii5m  sundials@7.1.1%gcc@13.2.0+ARKODE+CVODE+CVODES+IDA+IDAS+KINSOL+cuda+examples+examples-install~f2003~fcmix~ginkgo~hypre~int64~ipo~klu~kokkos~kokkos-kernels~lapack~magma~monitoring+mpi~openmp~petsc~profiling~pthread~raja~rocm+shared+static~superlu-dist~superlu-mt~sycl~trilinos build_system=cmake build_type=Release cstd=99 cuda_arch=80 cxxstd=14 generator=make logging-level=2 precision=double arch=linux-ubuntu24.04-aarch64
[+]  nh56tks  sundials@7.1.1%gcc@13.2.0+ARKODE+CVODE+CVODES+IDA+IDAS+KINSOL+cuda+examples+examples-install~f2003~fcmix~ginkgo~hypre~int64~ipo~klu~kokkos~kokkos-kernels~lapack~magma~monitoring+mpi~openmp~petsc~profiling~pthread~raja~rocm+shared+static~superlu-dist~superlu-mt~sycl~trilinos build_system=cmake build_type=Release cstd=99 cuda_arch=90 cxxstd=14 generator=make logging-level=2 precision=double arch=linux-ubuntu24.04-aarch64
[+]  vzl7il6  superlu-dist@8.2.1%gcc@13.2.0+cuda~int64~ipo~openmp+parmetis~rocm+shared build_system=cmake build_type=Release cuda_arch=75 generator=make arch=linux-ubuntu24.04-aarch64
[+]  flexk2x  superlu-dist@8.2.1%gcc@13.2.0+cuda~int64~ipo~openmp+parmetis~rocm+shared build_system=cmake build_type=Release cuda_arch=80 generator=make arch=linux-ubuntu24.04-aarch64
[+]  7xtjpav  superlu-dist@8.2.1%gcc@13.2.0+cuda~int64~ipo~openmp+parmetis~rocm+shared build_system=cmake build_type=Release cuda_arch=90 generator=make arch=linux-ubuntu24.04-aarch64
[+]  3aq7eir  tasmanian@8.0%gcc@13.2.0~blas+cuda~fortran~ipo~magma+mpi~openmp~python~rocm~xsdkflags build_system=cmake build_type=Release cuda_arch=75 generator=make patches=8b8d74c arch=linux-ubuntu24.04-aarch64
[+]  bwmqbvd  tasmanian@8.0%gcc@13.2.0~blas+cuda~fortran~ipo~magma+mpi~openmp~python~rocm~xsdkflags build_system=cmake build_type=Release cuda_arch=80 generator=make patches=8b8d74c arch=linux-ubuntu24.04-aarch64
[+]  w6qz23i  tasmanian@8.0%gcc@13.2.0~blas+cuda~fortran~ipo~magma+mpi~openmp~python~rocm~xsdkflags build_system=cmake build_type=Release cuda_arch=90 generator=make patches=8b8d74c arch=linux-ubuntu24.04-aarch64
[+]  e3mwx4c  tau@2.34%gcc@13.2.0~adios2+binutils~comm~craycnl+cuda~disable-no-pie~dyninst+elf+fortran~gasnet+io~level_zero+libdwarf+libunwind+mpi~ompt~opari~opencl~openmp+otf2+papi+pdt~phase~ppc64le~profileparam+pthreads~python~rocm~rocprofiler~rocprofv2~roctracer~scorep~shmem~sqlite+syscall~x86_64 build_system=generic arch=linux-ubuntu24.04-aarch64
[+]  yxxts4y      ^binutils@2.43.1%gcc@13.2.0~gas+gold~gprofng+headers~interwork+ld+libiberty~lto~nls~pgo+plugins build_system=autotools compress_debug_sections=zlib libs=shared,static arch=linux-ubuntu24.04-aarch64
[+]  2jfxhai      ^libdwarf@0.11.0%gcc@13.2.0+decompression+dwarfdump~dwarfgen~examples~ipo+pic+shared build_system=cmake build_type=Release generator=make arch=linux-ubuntu24.04-aarch64
[+]  7cn7mar      ^openjdk@17.0.11_9%gcc@13.2.0 build_system=generic arch=linux-ubuntu24.04-aarch64
[+]  lxi7stw      ^otf2@3.0.3%gcc@13.2.0 build_system=autotools patches=7e56d93 arch=linux-ubuntu24.04-aarch64
[+]  koinydd      ^pdt@3.25.2%gcc@13.2.0~pic build_system=autotools arch=linux-ubuntu24.04-aarch64
[+]  m5krxu2  trilinos@16.0.0%gcc@13.2.0~adelus~adios2+amesos+amesos2+anasazi+aztec~basker+belos+boost~chaco~complex+cuda~cuda_constexpr~cuda_rdc~debug~dtk+epetra+epetraext~epetraextbtf~epetraextexperimental~epetraextgraphreorderings~exodus+explicit_template_instantiation~float+fortran~gtest~hdf5~hypre+ifpack+ifpack2+intrepid+intrepid2~ipo+isorropia+kokkos~mesquite+minitensor+ml+mpi+muelu~mumps+nox~openmp~pamgen~panzer+phalanx+piro~python~rocm~rocm_rdc+rol+rythmos+sacado~scorec+shards+shared+shylu+stk~stokhos+stratimikos~strumpack~suite-sparse~superlu+superlu-dist+teko+tempus~test+thyra+tpetra+trilinoscouplings~uvm+wrapper~x11+zoltan+zoltan2 build_system=cmake build_type=Release cuda_arch=75 cxxstd=17 generator=make gotype=long_long arch=linux-ubuntu24.04-aarch64
[+]  oqcuv6i      ^kokkos@4.3.01%gcc@13.2.0~aggressive_vectorization~compiler_warnings+cuda~cuda_constexpr~cuda_lambda~cuda_ldg_intrinsic~cuda_relocatable_device_code~cuda_uvm~debug~debug_bounds_check~debug_dualview_modify_check~deprecated_code~examples~hpx~hpx_async_dispatch~hwloc~ipo~memkind~numactl~openmp~openmptarget~pic~rocm+serial+shared~sycl~tests~threads~tuning+wrapper build_system=cmake build_type=Release cuda_arch=75 cxxstd=17 generator=make intel_gpu_arch=none arch=linux-ubuntu24.04-aarch64
[+]  kcvl6da  trilinos@16.0.0%gcc@13.2.0~adelus~adios2+amesos+amesos2+anasazi+aztec~basker+belos+boost~chaco~complex+cuda~cuda_constexpr~cuda_rdc~debug~dtk+epetra+epetraext~epetraextbtf~epetraextexperimental~epetraextgraphreorderings~exodus+explicit_template_instantiation~float+fortran~gtest~hdf5~hypre+ifpack+ifpack2+intrepid+intrepid2~ipo+isorropia+kokkos~mesquite+minitensor+ml+mpi+muelu~mumps+nox~openmp~pamgen~panzer+phalanx+piro~python~rocm~rocm_rdc+rol+rythmos+sacado~scorec+shards+shared+shylu+stk~stokhos+stratimikos~strumpack~suite-sparse~superlu+superlu-dist+teko+tempus~test+thyra+tpetra+trilinoscouplings~uvm+wrapper~x11+zoltan+zoltan2 build_system=cmake build_type=Release cuda_arch=80 cxxstd=17 generator=make gotype=long_long arch=linux-ubuntu24.04-aarch64
[+]  saqowz7      ^kokkos@4.3.01%gcc@13.2.0~aggressive_vectorization~compiler_warnings+cuda~cuda_constexpr~cuda_lambda~cuda_ldg_intrinsic~cuda_relocatable_device_code~cuda_uvm~debug~debug_bounds_check~debug_dualview_modify_check~deprecated_code~examples~hpx~hpx_async_dispatch~hwloc~ipo~memkind~numactl~openmp~openmptarget~pic~rocm+serial+shared~sycl~tests~threads~tuning+wrapper build_system=cmake build_type=Release cuda_arch=80 cxxstd=17 generator=make intel_gpu_arch=none arch=linux-ubuntu24.04-aarch64
[+]  mac54ev  trilinos@16.0.0%gcc@13.2.0~adelus~adios2+amesos+amesos2+anasazi+aztec~basker+belos+boost~chaco~complex+cuda~cuda_constexpr~cuda_rdc~debug~dtk+epetra+epetraext~epetraextbtf~epetraextexperimental~epetraextgraphreorderings~exodus+explicit_template_instantiation~float+fortran~gtest~hdf5~hypre+ifpack+ifpack2+intrepid+intrepid2~ipo+isorropia+kokkos~mesquite+minitensor+ml+mpi+muelu~mumps+nox~openmp~pamgen~panzer+phalanx+piro~python~rocm~rocm_rdc+rol+rythmos+sacado~scorec+shards+shared+shylu+stk~stokhos+stratimikos~strumpack~suite-sparse~superlu+superlu-dist+teko+tempus~test+thyra+tpetra+trilinoscouplings~uvm+wrapper~x11+zoltan+zoltan2 build_system=cmake build_type=Release cuda_arch=90 cxxstd=17 generator=make gotype=long_long arch=linux-ubuntu24.04-aarch64
[+]  smb5tjf      ^kokkos@4.3.01%gcc@13.2.0~aggressive_vectorization~compiler_warnings+cuda~cuda_constexpr~cuda_lambda~cuda_ldg_intrinsic~cuda_relocatable_device_code~cuda_uvm~debug~debug_bounds_check~debug_dualview_modify_check~deprecated_code~examples~hpx~hpx_async_dispatch~hwloc~ipo~memkind~numactl~openmp~openmptarget~pic~rocm+serial+shared~sycl~tests~threads~tuning+wrapper build_system=cmake build_type=Release cuda_arch=90 cxxstd=17 generator=make intel_gpu_arch=none arch=linux-ubuntu24.04-aarch64
[+]  k4sa35d  umpire@2024.07.0%gcc@13.2.0~asan~backtrace+c+cuda~dev_benchmarks~device_alloc~deviceconst~examples+fmt_header_only~fortran~ipc_shmem~ipo+mpi~numa~omptarget~openmp~rocm~sanitizer_tests~shared~sqlite_experimental~tools~werror build_system=cmake build_type=Release cuda_arch=75 generator=make tests=none arch=linux-ubuntu24.04-aarch64
[+]  blkz4zi      ^fmt@11.0.2%gcc@13.2.0~ipo+pic~shared build_system=cmake build_type=Release cxxstd=11 generator=make arch=linux-ubuntu24.04-aarch64
[+]  75qow7l  umpire@2024.07.0%gcc@13.2.0~asan~backtrace+c+cuda~dev_benchmarks~device_alloc~deviceconst~examples+fmt_header_only~fortran~ipc_shmem~ipo+mpi~numa~omptarget~openmp~rocm~sanitizer_tests~shared~sqlite_experimental~tools~werror build_system=cmake build_type=Release cuda_arch=80 generator=make tests=none arch=linux-ubuntu24.04-aarch64
[+]  qndq5v7  umpire@2024.07.0%gcc@13.2.0~asan~backtrace+c+cuda~dev_benchmarks~device_alloc~deviceconst~examples+fmt_header_only~fortran~ipc_shmem~ipo+mpi~numa~omptarget~openmp~rocm~sanitizer_tests~shared~sqlite_experimental~tools~werror build_system=cmake build_type=Release cuda_arch=90 generator=make tests=none arch=linux-ubuntu24.04-aarch64
[+]  ggg4fie  vtk-m@2.2.0%gcc@13.2.0~64bitids+cuda+cuda_native+doubleprecision+examples~fpic~ipo~kokkos~logging+mpi+openmp+rendering~rocm~shared~sycl~tbb~testlib build_system=cmake build_type=Release cuda_arch=75 generator=make patches=2111608,34704cc,34f203b,ed76be8 arch=linux-ubuntu24.04-aarch64
[+]  a3jdmqt  vtk-m@2.2.0%gcc@13.2.0~64bitids+cuda+cuda_native+doubleprecision+examples~fpic~ipo~kokkos~logging+mpi+openmp+rendering~rocm~shared~sycl~tbb~testlib build_system=cmake build_type=Release cuda_arch=80 generator=make patches=2111608,34704cc,34f203b,ed76be8 arch=linux-ubuntu24.04-aarch64
[+]  i5oxh7i  zfp@1.0.0%gcc@13.2.0~aligned~c+cuda~daz~fasthash~fortran~ipo~openmp~profile~python+shared~strided~tight-error~twoway+utilities bsws=64 build_system=cmake build_type=Release cuda_arch=75 generator=make round=never arch=linux-ubuntu24.04-aarch64
[+]  hvv2e4g  zfp@1.0.0%gcc@13.2.0~aligned~c+cuda~daz~fasthash~fortran~ipo~openmp~profile~python+shared~strided~tight-error~twoway+utilities bsws=64 build_system=cmake build_type=Release cuda_arch=80 generator=make round=never arch=linux-ubuntu24.04-aarch64

