==> Starting concretization pool with 72 processes
==> Environment concretized in 86.93 seconds
==> Concretized 83 specs:
[+]  eon6exl  amrex@24.10%gcc@11.4.0~amrdata~ascent~catalyst~conduit~cuda+eb~fortran~hdf5~hypre~ipo+linear_solvers+mpi~openmp~particles~petsc~pic~plotfile_tools+rocm~shared~sundials~sycl~tiny_profile amdgpu_target=gfx908 build_system=cmake build_type=Release dimensions=1,2,3 generator=make precision=double arch=linux-ubuntu22.04-x86_64
[+]  tqdtzdz      ^cmake@3.30.5%gcc@11.4.0~doc+ncurses+ownlibs~qtgui build_system=generic build_type=Release patches=dbc3892 arch=linux-ubuntu22.04-x86_64
[+]  rd675ko          ^curl@8.10.1%gcc@11.4.0~gssapi~ldap~libidn2~librtmp~libssh~libssh2+nghttp2 build_system=autotools libs=shared,static tls=openssl arch=linux-ubuntu22.04-x86_64
[+]  jcklzqn              ^nghttp2@1.63.0%gcc@11.4.0 build_system=autotools arch=linux-ubuntu22.04-x86_64
[+]  kiki6qs          ^ncurses@6.5%gcc@11.4.0~symlinks+termlib abi=none build_system=autotools patches=7a351bc arch=linux-ubuntu22.04-x86_64
[+]  rk4sa2m      ^gcc-runtime@11.4.0%gcc@11.4.0 build_system=generic arch=linux-ubuntu22.04-x86_64
[e]  kpqgx3w      ^glibc@2.35%gcc@11.4.0 build_system=autotools arch=linux-ubuntu22.04-x86_64
[+]  d4dx55l      ^gmake@4.4.1%gcc@11.4.0~guile build_system=generic arch=linux-ubuntu22.04-x86_64
[e]  7xlfinm      ^hip@6.2.1%gcc@11.4.0~asan~cuda+rocm build_system=cmake build_type=Release generator=make patches=1f65dfe arch=linux-ubuntu22.04-x86_64
[e]  hxqfkjt      ^hiprand@6.2.1%gcc@11.4.0~asan~cuda+rocm amdgpu_target=auto build_system=cmake build_type=Release generator=make arch=linux-ubuntu22.04-x86_64
[e]  l6kwno7      ^hsa-rocr-dev@6.2.1%gcc@11.4.0~asan+image+shared build_system=cmake build_type=Release generator=make arch=linux-ubuntu22.04-x86_64
[e]  pyojmvg      ^llvm-amdgpu@6.2.1%gcc@11.4.0~link_llvm_dylib~llvm_dylib+rocm-device-libs build_system=cmake build_type=Release generator=ninja patches=b4774ca,eaf700a arch=linux-ubuntu22.04-x86_64
[e]  5o2ypwn      ^mpich@4.2.3%gcc@11.4.0~argobots~cuda+fortran~hwloc+hydra+libxml2+pci~rocm+romio~slurm~vci~verbs~wrapperrpath~xpmem build_system=autotools datatype-engine=auto device=ch4 netmod=ofi pmi=default arch=linux-ubuntu22.04-x86_64
[e]  njcauwz      ^rocprim@6.2.1%gcc@11.4.0~asan amdgpu_target=auto build_system=cmake build_type=Release generator=make arch=linux-ubuntu22.04-x86_64
[e]  nswqcpm      ^rocrand@6.2.1%gcc@11.4.0~asan+hiprand amdgpu_target=auto build_system=cmake build_type=Release generator=make arch=linux-ubuntu22.04-x86_64
[+]  7sg445h  amrex@24.10%gcc@11.4.0~amrdata~ascent~catalyst~conduit~cuda+eb~fortran~hdf5~hypre~ipo+linear_solvers+mpi~openmp~particles~petsc~pic~plotfile_tools+rocm~shared~sundials~sycl~tiny_profile amdgpu_target=gfx90a build_system=cmake build_type=Release dimensions=1,2,3 generator=make precision=double arch=linux-ubuntu22.04-x86_64
[+]  u5wewpm  amrex@24.10%gcc@11.4.0~amrdata~ascent~catalyst~conduit~cuda+eb~fortran~hdf5~hypre~ipo+linear_solvers+mpi~openmp~particles~petsc~pic~plotfile_tools+rocm~shared~sundials~sycl~tiny_profile amdgpu_target=gfx942 build_system=cmake build_type=Release dimensions=1,2,3 generator=make precision=double arch=linux-ubuntu22.04-x86_64
[+]  ue4ksq2  arborx@1.7%gcc@11.4.0~cuda~ipo+mpi~openmp+rocm+serial~sycl~trilinos amdgpu_target=gfx908 build_system=cmake build_type=Release cxxstd=17 generator=make arch=linux-ubuntu22.04-x86_64
[e]  estu4rz      ^rocthrust@6.2.1%gcc@11.4.0 amdgpu_target=auto build_system=cmake build_type=Release generator=make arch=linux-ubuntu22.04-x86_64
[+]  2fors6x  arborx@1.7%gcc@11.4.0~cuda~ipo+mpi~openmp+rocm+serial~sycl~trilinos amdgpu_target=gfx90a build_system=cmake build_type=Release cxxstd=17 generator=make arch=linux-ubuntu22.04-x86_64
[+]  jjwyvtr  arborx@1.7%gcc@11.4.0~cuda~ipo+mpi~openmp+rocm+serial~sycl~trilinos amdgpu_target=gfx942 build_system=cmake build_type=Release cxxstd=17 generator=make arch=linux-ubuntu22.04-x86_64
[+]  4zl4klg  cabana@0.7.0%gcc@11.4.0~all~arborx~cajita~cuda~examples~grid~hdf5~heffte~hypre~ipo+mpi~openmp~openmptarget~performance_testing+rocm+serial+shared~silo~sycl~testing~threads amdgpu_target=gfx908 build_system=cmake build_type=Release generator=make arch=linux-ubuntu22.04-x86_64
[+]  5fpmxow      ^cmake@3.25.3%gcc@11.4.0~doc+ncurses+ownlibs~qtgui build_system=generic build_type=Release patches=dbc3892 arch=linux-ubuntu22.04-x86_64
[+]  3ohgfjn      ^kokkos@4.4.01%gcc@11.4.0~aggressive_vectorization~compiler_warnings~cuda~debug~debug_bounds_check~debug_dualview_modify_check~deprecated_code~examples~hpx~hpx_async_dispatch~hwloc~ipo~memkind~numactl~openmp~openmptarget~pic+rocm+serial+shared~sycl~tests~threads~tuning~wrapper amdgpu_target=gfx908 build_system=cmake build_type=Release cxxstd=17 generator=make intel_gpu_arch=none arch=linux-ubuntu22.04-x86_64
[+]  36lrpow  cabana@0.7.0%gcc@11.4.0~all~arborx~cajita~cuda~examples~grid~hdf5~heffte~hypre~ipo+mpi~openmp~openmptarget~performance_testing+rocm+serial+shared~silo~sycl~testing~threads amdgpu_target=gfx90a build_system=cmake build_type=Release generator=make arch=linux-ubuntu22.04-x86_64
[+]  hjaguqb      ^kokkos@4.4.01%gcc@11.4.0~aggressive_vectorization~compiler_warnings~cuda~debug~debug_bounds_check~debug_dualview_modify_check~deprecated_code~examples~hpx~hpx_async_dispatch~hwloc~ipo~memkind~numactl~openmp~openmptarget~pic+rocm+serial+shared~sycl~tests~threads~tuning~wrapper amdgpu_target=gfx90a build_system=cmake build_type=Release cxxstd=17 generator=make intel_gpu_arch=none arch=linux-ubuntu22.04-x86_64
[+]  6xoneug  cabana@0.7.0%gcc@11.4.0~all~arborx~cajita~cuda~examples~grid~hdf5~heffte~hypre~ipo+mpi~openmp~openmptarget~performance_testing+rocm+serial+shared~silo~sycl~testing~threads amdgpu_target=gfx942 build_system=cmake build_type=Release generator=make arch=linux-ubuntu22.04-x86_64
[+]  id24c6f      ^kokkos@4.4.01%gcc@11.4.0~aggressive_vectorization~compiler_warnings~cuda~debug~debug_bounds_check~debug_dualview_modify_check~deprecated_code~examples~hpx~hpx_async_dispatch~hwloc~ipo~memkind~numactl~openmp~openmptarget~pic+rocm+serial+shared~sycl~tests~threads~tuning~wrapper amdgpu_target=gfx942 build_system=cmake build_type=Release cxxstd=17 generator=make intel_gpu_arch=none arch=linux-ubuntu22.04-x86_64
[+]  s2tr6tc  caliper@2.11.0%gcc@11.4.0+adiak~cuda~fortran+gotcha~ipo+kokkos+libdw~libpfm+libunwind+mpi+papi+rocm+sampler+shared~sosflow~tests~variorum~vtune amdgpu_target=gfx908 build_system=cmake build_type=Release generator=make arch=linux-ubuntu22.04-x86_64
[+]  xzlne7r      ^adiak@0.4.0%gcc@11.4.0~ipo+mpi+shared build_system=cmake build_type=Release generator=make arch=linux-ubuntu22.04-x86_64
[+]  wapon4e      ^elfutils@0.191%gcc@11.4.0~debuginfod+exeprefix~nls build_system=autotools arch=linux-ubuntu22.04-x86_64
[+]  jwkvrjb          ^libiconv@1.17%gcc@11.4.0 build_system=autotools libs=shared,static arch=linux-ubuntu22.04-x86_64
[+]  zep5z3l          ^m4@1.4.19%gcc@11.4.0+sigsegv build_system=autotools patches=9dc5fbd,bfdffa7 arch=linux-ubuntu22.04-x86_64
[+]  wnv7pv7              ^libsigsegv@2.14%gcc@11.4.0 build_system=autotools arch=linux-ubuntu22.04-x86_64
[+]  divttak          ^zstd@1.5.6%gcc@11.4.0~programs build_system=makefile libs=shared,static arch=linux-ubuntu22.04-x86_64
[+]  cyimm3g      ^libunwind@1.6.2%gcc@11.4.0~block_signals~conservative_checks~cxx_exceptions~debug~debug_frame+docs+pic+tests+weak_backtrace+xz~zlib build_system=autotools components=none libs=shared,static arch=linux-ubuntu22.04-x86_64
[+]  m3o34tn      ^papi@7.1.0%gcc@11.4.0~cuda~debug+example~infiniband~lmsensors~nvml~powercap~rapl+rdpmc~rocm~rocm_smi~sde+shared~static_tools build_system=autotools patches=48cb202 arch=linux-ubuntu22.04-x86_64
[e]  ylu7xaz      ^python@3.10.12%gcc@11.4.0+bz2+crypt+ctypes+dbm~debug+libxml2+lzma+nis~optimizations+pic+pyexpat+pythoncmd+readline+shared+sqlite3+ssl~tkinter+uuid+zlib build_system=generic patches=0d98e93,7d40923,ebdca64,f2fd060 arch=linux-ubuntu22.04-x86_64
[+]  d4ibtve  caliper@2.11.0%gcc@11.4.0+adiak~cuda~fortran+gotcha~ipo+kokkos+libdw~libpfm+libunwind+mpi+papi+rocm+sampler+shared~sosflow~tests~variorum~vtune amdgpu_target=gfx90a build_system=cmake build_type=Release generator=make arch=linux-ubuntu22.04-x86_64
[+]  fkz3wa3  caliper@2.11.0%gcc@11.4.0+adiak~cuda~fortran+gotcha~ipo+kokkos+libdw~libpfm+libunwind+mpi+papi+rocm+sampler+shared~sosflow~tests~variorum~vtune amdgpu_target=gfx942 build_system=cmake build_type=Release generator=make arch=linux-ubuntu22.04-x86_64
[+]  rfod733  chai@2024.07.0%gcc@11.4.0~cuda~enable_pick+examples~ipo+mpi~openmp~raja+rocm+separable_compilation+shared amdgpu_target=gfx908 build_system=cmake build_type=Release generator=make tests=none arch=linux-ubuntu22.04-x86_64
[+]  r766kbj      ^blt@0.6.2%gcc@11.4.0 build_system=generic arch=linux-ubuntu22.04-x86_64
[+]  ylsbku5  chai@2024.07.0%gcc@11.4.0~cuda~enable_pick+examples~ipo+mpi~openmp~raja+rocm+separable_compilation+shared amdgpu_target=gfx90a build_system=cmake build_type=Release generator=make tests=none arch=linux-ubuntu22.04-x86_64
[+]  g4b6dvx  chai@2024.07.0%gcc@11.4.0~cuda~enable_pick+examples~ipo+mpi~openmp~raja+rocm+separable_compilation+shared amdgpu_target=gfx942 build_system=cmake build_type=Release generator=make tests=none arch=linux-ubuntu22.04-x86_64
[+]  salchfo  ecp-data-vis-sdk@1.0%gcc@11.4.0~adios2~ascent~cinema~cuda~darshan~faodel+fortran+hdf5+paraview~pnetcdf+rocm~sensei~sz~unifyfs~veloc~visit+vtkm~zfp amdgpu_target=gfx908 build_system=bundle arch=linux-ubuntu22.04-x86_64
[+]  6gftpz5      ^hdf5@1.14.5%gcc@11.4.0~cxx+fortran+hl~ipo~java~map+mpi+shared~subfiling~szip+threadsafe+tools api=default build_system=cmake build_type=Release generator=make arch=linux-ubuntu22.04-x86_64
[+]  ysvyfan      ^hdf5-vol-async@1.7%gcc@11.4.0~ipo~memcpy build_system=cmake build_type=Release generator=make arch=linux-ubuntu22.04-x86_64
[+]  y42c2tj          ^argobots@1.2%gcc@11.4.0~affinity~debug+perf~stackunwind~tool~valgrind build_system=autotools stackguard=none arch=linux-ubuntu22.04-x86_64
[+]  mdjhbwz      ^hdf5-vol-cache@v1.1%gcc@11.4.0~ipo build_system=cmake build_type=Release generator=make arch=linux-ubuntu22.04-x86_64
[+]  zum7xtv      ^hdf5-vol-log@1.4.0%gcc@11.4.0 build_system=autotools arch=linux-ubuntu22.04-x86_64
[+]  gdwrxnf      ^libcatalyst@2.0.0%gcc@11.4.0~conduit~fortran~ipo+mpi~python build_system=cmake build_type=Release generator=make arch=linux-ubuntu22.04-x86_64
[+]  jd5u2mn      ^paraview@5.13.1%gcc@11.4.0~adios2~advanced_debug+catalyst~cdi~cuda+development_files~examples~eyedomelighting~fortran+hdf5~ipo+kits+libcatalyst+mpi~nvindex+opengl2+openpmd~pagosa+python~qt~raytracing+rocm+shared~tbb~visitbridge amdgpu_target=gfx908 build_edition=canonical build_system=cmake build_type=Release generator=ninja patches=02253c7 use_vtkm=on arch=linux-ubuntu22.04-x86_64
[+]  qkz344w          ^cli11@1.9.1%gcc@11.4.0~ipo build_system=cmake build_type=Release generator=make arch=linux-ubuntu22.04-x86_64
[+]  osbva6x          ^double-conversion@3.3.0%gcc@11.4.0~ipo build_system=cmake build_type=Release generator=make arch=linux-ubuntu22.04-x86_64
[+]  lb7digr          ^eigen@3.4.0%gcc@11.4.0~ipo build_system=cmake build_type=RelWithDebInfo generator=make arch=linux-ubuntu22.04-x86_64
[+]  vuhqyaw          ^expat@2.6.3%gcc@11.4.0+libbsd build_system=autotools arch=linux-ubuntu22.04-x86_64
[+]  mv6f4tt              ^libbsd@0.12.2%gcc@11.4.0 build_system=autotools arch=linux-ubuntu22.04-x86_64
[+]  hq354ti                  ^libmd@1.0.4%gcc@11.4.0 build_system=autotools arch=linux-ubuntu22.04-x86_64
[+]  sxbv45y          ^freetype@2.13.2%gcc@11.4.0+pic+shared build_system=autotools arch=linux-ubuntu22.04-x86_64
[+]  b3dxi6p          ^glew@2.2.0%gcc@11.4.0~ipo build_system=cmake build_type=Release generator=make patches=7992e52 arch=linux-ubuntu22.04-x86_64
[+]  lueoire              ^libx11@1.8.10%gcc@11.4.0 build_system=autotools arch=linux-ubuntu22.04-x86_64
[+]  3dzt5cy                  ^inputproto@2.3.2%gcc@11.4.0 build_system=autotools arch=linux-ubuntu22.04-x86_64
[+]  6u77pxg                  ^libxcb@1.17.0%gcc@11.4.0 build_system=autotools arch=linux-ubuntu22.04-x86_64
[+]  y5rfwu5                      ^libpthread-stubs@0.5%gcc@11.4.0 build_system=autotools arch=linux-ubuntu22.04-x86_64
[+]  g2cvcch                      ^libxau@1.0.11%gcc@11.4.0 build_system=autotools arch=linux-ubuntu22.04-x86_64
[+]  s5fx7fv                      ^libxdmcp@1.1.5%gcc@11.4.0 build_system=autotools arch=linux-ubuntu22.04-x86_64
[+]  q7fthnb                      ^xcb-proto@1.17.0%gcc@11.4.0 build_system=autotools arch=linux-ubuntu22.04-x86_64
[+]  kna5bfl                  ^xextproto@7.3.0%gcc@11.4.0 build_system=autotools arch=linux-ubuntu22.04-x86_64
[+]  rdlawss                  ^xtrans@1.5.0%gcc@11.4.0 build_system=autotools arch=linux-ubuntu22.04-x86_64
[+]  wrtrhib              ^xproto@7.0.31%gcc@11.4.0 build_system=autotools arch=linux-ubuntu22.04-x86_64
[+]  zz5rkcm          ^glx@1.4%gcc@11.4.0 build_system=bundle arch=linux-ubuntu22.04-x86_64
[+]  okap7ig              ^mesa@23.3.6%gcc@11.4.0+glx+llvm+opengl~opengles+osmesa~strip build_system=meson buildtype=release default_library=shared arch=linux-ubuntu22.04-x86_64
[+]  ku6iqqr                  ^bison@3.8.2%gcc@11.4.0~color build_system=autotools arch=linux-ubuntu22.04-x86_64
[+]  zykzpev                  ^flex@2.6.3%gcc@11.4.0+lex~nls build_system=autotools arch=linux-ubuntu22.04-x86_64
[+]  soo4hby                  ^glproto@1.4.17%gcc@11.4.0 build_system=autotools arch=linux-ubuntu22.04-x86_64
[+]  cc6yjuc                  ^libxext@1.3.6%gcc@11.4.0 build_system=autotools arch=linux-ubuntu22.04-x86_64
[+]  orpgedo                  ^llvm@17.0.6%gcc@11.4.0+clang~cuda~flang~gold~ipo~libomptarget~libomptarget_debug~link_llvm_dylib~lld~lldb+llvm_dylib~lua~mlir~polly~python~split_dwarf~z3~zstd build_system=cmake build_type=Release compiler-rt=none generator=ninja libcxx=runtime libunwind=none openmp=runtime shlib_symbol_version=none targets=all version_suffix=none arch=linux-ubuntu22.04-x86_64
[+]  v46ebph                      ^perl-data-dumper@2.173%gcc@11.4.0 build_system=perl arch=linux-ubuntu22.04-x86_64
[+]  7rwq5s7                  ^meson@1.5.1%gcc@11.4.0 build_system=python_pip patches=0f0b1bd arch=linux-ubuntu22.04-x86_64
[+]  ed5tmpv                  ^py-mako@1.2.4%gcc@11.4.0 build_system=python_pip arch=linux-ubuntu22.04-x86_64
[+]  tzhym2w                      ^py-markupsafe@2.1.3%gcc@11.4.0 build_system=python_pip arch=linux-ubuntu22.04-x86_64
[+]  ruwwfkx                  ^xrandr@1.5.2%gcc@11.4.0 build_system=autotools arch=linux-ubuntu22.04-x86_64
[+]  icqoi5s                      ^libxrandr@1.5.4%gcc@11.4.0 build_system=autotools arch=linux-ubuntu22.04-x86_64
[+]  huw77e3                          ^renderproto@0.11.1%gcc@11.4.0 build_system=autotools arch=linux-ubuntu22.04-x86_64
[+]  yvnqurx                      ^libxrender@0.9.11%gcc@11.4.0 build_system=autotools arch=linux-ubuntu22.04-x86_64
[+]  l7pj2eb                      ^randrproto@1.5.0%gcc@11.4.0 build_system=autotools arch=linux-ubuntu22.04-x86_64
[+]  pqdcxuy          ^jsoncpp@1.9.5%gcc@11.4.0~ipo build_system=cmake build_type=Release generator=make arch=linux-ubuntu22.04-x86_64
[+]  bcyv73m          ^kokkos@3.7.01%gcc@11.4.0~aggressive_vectorization~compiler_warnings~cuda~debug~debug_bounds_check~debug_dualview_modify_check~deprecated_code~examples~hpx~hpx_async_dispatch~hwloc~ipo~memkind~numactl~openmp~openmptarget~pic+rocm+serial+shared~sycl~tests~threads~tuning~wrapper amdgpu_target=gfx908 build_system=cmake build_type=Release cxxstd=17 generator=make intel_gpu_arch=none arch=linux-ubuntu22.04-x86_64
[+]  326ugg2          ^libjpeg-turbo@3.0.3%gcc@11.4.0~ipo~jpeg8~partial_decoder+pic build_system=cmake build_type=Release generator=make libs=shared,static arch=linux-ubuntu22.04-x86_64
[+]  gdp4rgb              ^nasm@2.16.03%gcc@11.4.0 build_system=autotools arch=linux-ubuntu22.04-x86_64
[+]  5yjgkck          ^libogg@1.3.5%gcc@11.4.0 build_system=autotools arch=linux-ubuntu22.04-x86_64
[+]  zwqwtzr          ^libpng@1.6.39%gcc@11.4.0~ipo~pic build_system=cmake build_type=Release generator=make libs=shared,static arch=linux-ubuntu22.04-x86_64
[+]  lyq4d3z          ^libtheora@1.1.1%gcc@11.4.0~doc build_system=autotools patches=d9bb5a9,e01511a,e01ef71,ff8478d arch=linux-ubuntu22.04-x86_64
[+]  qhyzgfp          ^libtiff@4.7.0%gcc@11.4.0+ccitt~ipo~jbig+jpeg~jpeg12~lerc~libdeflate+logluv~lzma+lzw+next~old-jpeg~opengl+packbits~pic~pixarlog+shared+thunder~webp+zlib~zstd build_system=cmake build_type=Release generator=make arch=linux-ubuntu22.04-x86_64
[+]  3qypeqg          ^libxml2@2.10.3%gcc@11.4.0+pic~python+shared build_system=autotools arch=linux-ubuntu22.04-x86_64
[+]  egk5zs5          ^libxt@1.3.0%gcc@11.4.0 build_system=autotools arch=linux-ubuntu22.04-x86_64
[+]  si7e6oi              ^kbproto@1.0.7%gcc@11.4.0 build_system=autotools arch=linux-ubuntu22.04-x86_64
[+]  tqhhwgp              ^libice@1.1.1%gcc@11.4.0 build_system=autotools arch=linux-ubuntu22.04-x86_64
[+]  gnxswra              ^libsm@1.2.4%gcc@11.4.0 build_system=autotools arch=linux-ubuntu22.04-x86_64
[+]  26m2ypi                  ^util-linux-uuid@2.40.2%gcc@11.4.0 build_system=autotools arch=linux-ubuntu22.04-x86_64
[+]  m6hxu3k              ^util-macros@1.20.1%gcc@11.4.0 build_system=autotools arch=linux-ubuntu22.04-x86_64
[+]  5n2k6wh          ^lz4@1.10.0%gcc@11.4.0+pic build_system=makefile libs=shared,static arch=linux-ubuntu22.04-x86_64
[+]  ymw46sr          ^netcdf-c@4.9.2%gcc@11.4.0+blosc~byterange~dap~fsync~hdf4~jna~logging+mpi~nczarr_zip+optimize~parallel-netcdf+pic+shared+szip+zstd build_system=autotools patches=0161eb8 arch=linux-ubuntu22.04-x86_64
[+]  fxpy6fo              ^c-blosc@1.21.5%gcc@11.4.0+avx2~ipo build_system=cmake build_type=Release generator=make arch=linux-ubuntu22.04-x86_64
[+]  labjkur                  ^snappy@1.2.1%gcc@11.4.0~ipo+pic+shared build_system=cmake build_type=Release generator=make arch=linux-ubuntu22.04-x86_64
[+]  z6spfho              ^libaec@1.0.6%gcc@11.4.0~ipo+shared build_system=cmake build_type=Release generator=make arch=linux-ubuntu22.04-x86_64
[+]  33nc636          ^nlohmann-json@3.11.3%gcc@11.4.0~ipo+multiple_headers build_system=cmake build_type=Release generator=make arch=linux-ubuntu22.04-x86_64
[+]  ursyry2          ^openpmd-api@0.16.0%gcc@11.4.0+adios2+hdf5~ipo+mpi+python+shared build_system=cmake build_type=Release generator=make patches=e49fe79 arch=linux-ubuntu22.04-x86_64
[+]  5j6ebtk              ^adios2@2.10.1%gcc@11.4.0~aws+blosc2+bzip2~campaign~cuda~dataspaces+fortran~hdf5~ipo~kokkos+libcatalyst~libpressio+mgard+mpi~pic+png~python~rocm+sst~sycl+sz+zfp build_system=cmake build_type=Release generator=make patches=4247a85 arch=linux-ubuntu22.04-x86_64
[+]  zv7snoh                  ^c-blosc2@2.15.1%gcc@11.4.0+avx2~ipo+lizard+lz4+snappy+zlib+zstd build_system=cmake build_type=Release generator=make arch=linux-ubuntu22.04-x86_64
[+]  6xkpnbg                      ^lizard@2.0%gcc@11.4.0 build_system=makefile arch=linux-ubuntu22.04-x86_64
[+]  gdydsq5                  ^libfabric@1.22.0%gcc@11.4.0~cuda~debug~kdreg~uring build_system=autotools fabrics=rxm,sockets,tcp,udp arch=linux-ubuntu22.04-x86_64
[+]  dfmnqnv                  ^libffi@3.4.6%gcc@11.4.0 build_system=autotools arch=linux-ubuntu22.04-x86_64
[+]  ms3rbbz                  ^mgard@2023-12-09%gcc@11.4.0~cuda~ipo+openmp+serial~timing~unstructured build_system=cmake build_type=Release generator=make arch=linux-ubuntu22.04-x86_64
[+]  h3f37wx                      ^libarchive@3.7.6%gcc@11.4.0+iconv build_system=autotools compression=bz2lib,lz4,lzma,lzo2,zlib,zstd crypto=openssl libs=shared,static programs=none xar=libxml2 arch=linux-ubuntu22.04-x86_64
[+]  6xlpl4q                          ^lzo@2.10%gcc@11.4.0 build_system=autotools libs=shared,static arch=linux-ubuntu22.04-x86_64
[+]  hhwyct3                  ^sz@2.1.12.5%gcc@11.4.0~examples~fortran~hdf5~ipo~netcdf~openmp~pastri~python~random_access+shared~stats~time_compression build_system=cmake build_type=Release generator=make arch=linux-ubuntu22.04-x86_64
[+]  bt44ivc                  ^zfp@0.5.5%gcc@11.4.0~aligned~c~cuda~fasthash~fortran~ipo~openmp~profile~python+shared~strided~twoway+utilities bsws=64 build_system=cmake build_type=Release generator=make arch=linux-ubuntu22.04-x86_64
[+]  rojvzyt              ^py-pybind11@2.13.5%gcc@11.4.0+ipo build_system=cmake build_type=Release generator=ninja arch=linux-ubuntu22.04-x86_64
[+]  dlryusm              ^toml11@4.0.2%gcc@11.4.0~ipo build_system=cmake build_type=Release cxx_std=11 generator=make arch=linux-ubuntu22.04-x86_64
[+]  kf5dhbn          ^pegtl@2.8.3%gcc@11.4.0~ipo build_system=cmake build_type=Release generator=make arch=linux-ubuntu22.04-x86_64
[+]  myznmdq          ^proj@8.1.0%gcc@11.4.0+curl~ipo~pic+shared+tiff build_system=cmake build_type=Release generator=make patches=8d85a64,dc620ff arch=linux-ubuntu22.04-x86_64
[+]  ke5wggk              ^sqlite@3.46.0%gcc@11.4.0+column_metadata+dynamic_extensions+fts~functions+rtree build_system=autotools arch=linux-ubuntu22.04-x86_64
[+]  cczhlvy                  ^readline@8.2%gcc@11.4.0 build_system=autotools patches=bbf97f1 arch=linux-ubuntu22.04-x86_64
[+]  cz3ypp7          ^protobuf@3.21.12%gcc@11.4.0~ipo+shared build_system=cmake build_type=Release generator=make patches=9b6dcfa arch=linux-ubuntu22.04-x86_64
[+]  7cxtqsl          ^pugixml@1.14%gcc@11.4.0~ipo+pic+shared build_system=cmake build_type=Release generator=make arch=linux-ubuntu22.04-x86_64
[+]  e6oo7x5          ^py-matplotlib@3.9.2%gcc@11.4.0~animation~fonts~latex~movies backend=agg build_system=python_pip arch=linux-ubuntu22.04-x86_64
[+]  rx2mbhy              ^py-contourpy@1.3.0%gcc@11.4.0 build_system=python_pip arch=linux-ubuntu22.04-x86_64
[+]  ee7xwv5              ^py-cycler@0.11.0%gcc@11.4.0 build_system=python_pip arch=linux-ubuntu22.04-x86_64
[+]  42x2ze4              ^py-fonttools@4.39.4%gcc@11.4.0 build_system=python_pip arch=linux-ubuntu22.04-x86_64
[+]  ano2vgp              ^py-kiwisolver@1.4.5%gcc@11.4.0 build_system=python_pip arch=linux-ubuntu22.04-x86_64
[+]  btf6x6v                  ^py-cppy@1.2.1%gcc@11.4.0 build_system=python_pip arch=linux-ubuntu22.04-x86_64
[+]  y766h4x              ^py-meson-python@0.16.0%gcc@11.4.0 build_system=python_pip arch=linux-ubuntu22.04-x86_64
[+]  d4pbk6k                  ^py-pyproject-metadata@0.7.1%gcc@11.4.0 build_system=python_pip arch=linux-ubuntu22.04-x86_64
[+]  ou7kxpc                  ^py-tomli@2.0.1%gcc@11.4.0 build_system=python_pip arch=linux-ubuntu22.04-x86_64
[+]  6ootcr4              ^py-packaging@24.1%gcc@11.4.0 build_system=python_pip arch=linux-ubuntu22.04-x86_64
[+]  7iniujm                  ^py-flit-core@3.9.0%gcc@11.4.0 build_system=python_pip arch=linux-ubuntu22.04-x86_64
[+]  3idxsem              ^py-pillow@11.0.0%gcc@11.4.0~freetype~imagequant+jpeg~jpeg2000~lcms~tiff~webp~xcb+zlib build_system=python_pip arch=linux-ubuntu22.04-x86_64
[+]  urrpqt6              ^py-pip@23.1.2%gcc@11.4.0 build_system=generic arch=linux-ubuntu22.04-x86_64
[+]  e2byxmw              ^py-pyparsing@3.1.2%gcc@11.4.0 build_system=python_pip arch=linux-ubuntu22.04-x86_64
[+]  qyhlopl              ^py-python-dateutil@2.8.2%gcc@11.4.0 build_system=python_pip arch=linux-ubuntu22.04-x86_64
[+]  r4yxwol                  ^py-six@1.16.0%gcc@11.4.0 build_system=python_pip arch=linux-ubuntu22.04-x86_64
[+]  7gbxcqk              ^py-setuptools-scm@8.0.4%gcc@11.4.0+toml build_system=python_pip arch=linux-ubuntu22.04-x86_64
[+]  yrf6c6h                  ^py-typing-extensions@4.12.2%gcc@11.4.0 build_system=python_pip arch=linux-ubuntu22.04-x86_64
[+]  b3xcklw              ^py-wheel@0.41.2%gcc@11.4.0 build_system=generic arch=linux-ubuntu22.04-x86_64
[+]  ommp3zd              ^qhull@2020.2%gcc@11.4.0~ipo build_system=cmake build_type=Release generator=make arch=linux-ubuntu22.04-x86_64
[+]  ori6rmq          ^py-mpi4py@4.0.0%gcc@11.4.0 build_system=python_pip arch=linux-ubuntu22.04-x86_64
[+]  he5c5mu              ^py-cython@3.0.11%gcc@11.4.0 build_system=python_pip arch=linux-ubuntu22.04-x86_64
[+]  mhsxupa              ^py-setuptools@69.2.0%gcc@11.4.0 build_system=generic arch=linux-ubuntu22.04-x86_64
[+]  kcgysil          ^py-numpy@1.25.2%gcc@11.4.0 build_system=python_pip patches=873745d arch=linux-ubuntu22.04-x86_64
[+]  kkas7su              ^py-cython@0.29.36%gcc@11.4.0 build_system=python_pip patches=c4369ad arch=linux-ubuntu22.04-x86_64
[+]  h5mhe4w              ^py-setuptools@63.4.3%gcc@11.4.0 build_system=generic arch=linux-ubuntu22.04-x86_64
[+]  7tbulmn          ^py-pandas@1.5.3%gcc@11.4.0~excel+performance build_system=python_pip arch=linux-ubuntu22.04-x86_64
[+]  n42hg4x              ^py-bottleneck@1.3.7%gcc@11.4.0 build_system=python_pip arch=linux-ubuntu22.04-x86_64
[+]  dzrkeft                  ^py-versioneer@0.29%gcc@11.4.0+toml build_system=python_pip arch=linux-ubuntu22.04-x86_64
[+]  i4rwuqo              ^py-numexpr@2.9.0%gcc@11.4.0 build_system=python_pip arch=linux-ubuntu22.04-x86_64
[+]  f6hf7gx              ^py-pytz@2023.3%gcc@11.4.0 build_system=python_pip arch=linux-ubuntu22.04-x86_64
[+]  j4pnmo5          ^python-venv@1.0%gcc@11.4.0 build_system=generic arch=linux-ubuntu22.04-x86_64
[+]  smazqk7      ^vtk-m@2.2.0%gcc@11.4.0~64bitids~cuda+doubleprecision+examples~fpic~ipo+kokkos~logging+mpi~openmp+rendering+rocm+shared~sycl~tbb~testlib amdgpu_target=gfx908 build_system=cmake build_type=Release generator=make patches=2111608,34704cc,34f203b arch=linux-ubuntu22.04-x86_64
[+]  6ohunhl  ecp-data-vis-sdk@1.0%gcc@11.4.0~adios2~ascent~cinema~cuda~darshan~faodel+fortran+hdf5+paraview~pnetcdf+rocm~sensei~sz~unifyfs~veloc~visit+vtkm~zfp amdgpu_target=gfx90a build_system=bundle arch=linux-ubuntu22.04-x86_64
[+]  7ybwex2      ^paraview@5.13.1%gcc@11.4.0~adios2~advanced_debug+catalyst~cdi~cuda+development_files~examples~eyedomelighting~fortran+hdf5~ipo+kits+libcatalyst+mpi~nvindex+opengl2+openpmd~pagosa+python~qt~raytracing+rocm+shared~tbb~visitbridge amdgpu_target=gfx90a build_edition=canonical build_system=cmake build_type=Release generator=ninja patches=02253c7 use_vtkm=on arch=linux-ubuntu22.04-x86_64
[+]  7kixopt          ^kokkos@3.7.01%gcc@11.4.0~aggressive_vectorization~compiler_warnings~cuda~debug~debug_bounds_check~debug_dualview_modify_check~deprecated_code~examples~hpx~hpx_async_dispatch~hwloc~ipo~memkind~numactl~openmp~openmptarget~pic+rocm+serial+shared~sycl~tests~threads~tuning~wrapper amdgpu_target=gfx90a build_system=cmake build_type=Release cxxstd=17 generator=make intel_gpu_arch=none arch=linux-ubuntu22.04-x86_64
[+]  vtadi6b      ^vtk-m@2.2.0%gcc@11.4.0~64bitids~cuda+doubleprecision+examples~fpic~ipo+kokkos~logging+mpi~openmp+rendering+rocm+shared~sycl~tbb~testlib amdgpu_target=gfx90a build_system=cmake build_type=Release generator=make patches=2111608,34704cc,34f203b arch=linux-ubuntu22.04-x86_64
[+]  h5lamyg  fftx@1.2.0%gcc@11.4.0~cuda~ipo+rocm amdgpu_target=gfx908 build_system=cmake build_type=Release generator=make arch=linux-ubuntu22.04-x86_64
[+]  6zgjpxx      ^spiral-software@8.5.1%gcc@11.4.0+fftx~hcol~ipo+jit+mpi+simt build_system=cmake build_type=Release generator=make arch=linux-ubuntu22.04-x86_64
[+]  tq4bfi2          ^spiral-package-fftx@1.3.0%gcc@11.4.0 build_system=generic arch=linux-ubuntu22.04-x86_64
[+]  v2zpskq          ^spiral-package-jit@1.1.0%gcc@11.4.0 build_system=generic arch=linux-ubuntu22.04-x86_64
[+]  i2buceu          ^spiral-package-mpi@1.1.0%gcc@11.4.0 build_system=generic arch=linux-ubuntu22.04-x86_64
[+]  jzjw6gm          ^spiral-package-simt@1.1.0%gcc@11.4.0 build_system=generic arch=linux-ubuntu22.04-x86_64
[+]  4rwhjrb  fftx@1.2.0%gcc@11.4.0~cuda~ipo+rocm amdgpu_target=gfx90a build_system=cmake build_type=Release generator=make arch=linux-ubuntu22.04-x86_64
[+]  6wdc74f  fftx@1.2.0%gcc@11.4.0~cuda~ipo+rocm amdgpu_target=gfx942 build_system=cmake build_type=Release generator=make arch=linux-ubuntu22.04-x86_64
[+]  avyv6p2  gasnet@2024.5.0%gcc@11.4.0~cuda~debug~level_zero+rocm amdgpu_target=gfx908 build_system=generic conduits=smp arch=linux-ubuntu22.04-x86_64
[+]  tk2535l  gasnet@2024.5.0%gcc@11.4.0~cuda~debug~level_zero+rocm amdgpu_target=gfx90a build_system=generic conduits=smp arch=linux-ubuntu22.04-x86_64
[+]  5c36tj2  gasnet@2024.5.0%gcc@11.4.0~cuda~debug~level_zero+rocm amdgpu_target=gfx942 build_system=generic conduits=smp arch=linux-ubuntu22.04-x86_64
[+]  mhp23r2  ginkgo@1.8.0%gcc@11.4.0~cuda~develtools~full_optimizations~hwloc~ipo+mpi+openmp+rocm~sde+shared~sycl amdgpu_target=gfx908 build_system=cmake build_type=Release generator=make patches=27d6ae6 arch=linux-ubuntu22.04-x86_64
[e]  yzjwbj7      ^hipblas@6.2.1%gcc@11.4.0~asan~cuda+rocm amdgpu_target=auto build_system=cmake build_type=Release generator=make patches=b05b34b arch=linux-ubuntu22.04-x86_64
[e]  7iv4lkl      ^hipfft@6.2.1%gcc@11.4.0~asan~cuda+rocm amdgpu_target=auto build_system=cmake build_type=Release generator=make arch=linux-ubuntu22.04-x86_64
[e]  52ndxub      ^hipsparse@6.2.1%gcc@11.4.0~asan~cuda+rocm amdgpu_target=auto build_system=cmake build_type=Release generator=make arch=linux-ubuntu22.04-x86_64
[+]  xkt76ms  ginkgo@1.8.0%gcc@11.4.0~cuda~develtools~full_optimizations~hwloc~ipo+mpi+openmp+rocm~sde+shared~sycl amdgpu_target=gfx90a build_system=cmake build_type=Release generator=make patches=27d6ae6 arch=linux-ubuntu22.04-x86_64
[+]  t27dtcl  ginkgo@1.8.0%gcc@11.4.0~cuda~develtools~full_optimizations~hwloc~ipo+mpi+openmp+rocm~sde+shared~sycl amdgpu_target=gfx942 build_system=cmake build_type=Release generator=make patches=27d6ae6 arch=linux-ubuntu22.04-x86_64
[+]  ty4wcx4  heffte@2.4.0%gcc@11.4.0~cuda~fftw~fortran~ipo~magma~mkl~python+rocm+shared amdgpu_target=gfx908 build_system=cmake build_type=Release generator=make arch=linux-ubuntu22.04-x86_64
[e]  thfiipu      ^rocfft@6.2.1%gcc@11.4.0~asan amdgpu_target=auto amdgpu_target_sram_ecc=auto build_system=cmake build_type=Release generator=make patches=0f79d30 arch=linux-ubuntu22.04-x86_64
[+]  wn6o5le  heffte@2.4.0%gcc@11.4.0~cuda~fftw~fortran~ipo~magma~mkl~python+rocm+shared amdgpu_target=gfx90a build_system=cmake build_type=Release generator=make arch=linux-ubuntu22.04-x86_64
[+]  2tcqzrm  heffte@2.4.0%gcc@11.4.0~cuda~fftw~fortran~ipo~magma~mkl~python+rocm+shared amdgpu_target=gfx942 build_system=cmake build_type=Release generator=make arch=linux-ubuntu22.04-x86_64
[+]  senikoz  hpctoolkit@2024.01.1%gcc@11.4.0~cray~cuda~debug~level_zero+mpi~opencl+papi~python+rocm+viewer build_system=autotools patches=cfbd41a arch=linux-ubuntu22.04-x86_64
[+]  nkhzyv4      ^autoconf@2.72%gcc@11.4.0 build_system=autotools arch=linux-ubuntu22.04-x86_64
[+]  3fzlttv          ^perl@5.40.0%gcc@11.4.0+cpanm+opcode+open+shared+threads build_system=generic arch=linux-ubuntu22.04-x86_64
[+]  l7nkk7g              ^berkeley-db@18.1.40%gcc@11.4.0+cxx~docs+stl build_system=autotools patches=26090f4,b231fcc arch=linux-ubuntu22.04-x86_64
[+]  rgnga3c              ^gdbm@1.23%gcc@11.4.0 build_system=autotools arch=linux-ubuntu22.04-x86_64
[+]  4nfrxfb      ^automake@1.16.5%gcc@11.4.0 build_system=autotools arch=linux-ubuntu22.04-x86_64
[+]  y5aos6t      ^boost@1.79.0%gcc@11.4.0+atomic+chrono~clanglibcpp+container~context~contract~coroutine+date_time~debug+exception~fiber+filesystem+graph~graph_parallel~icu+iostreams~json+locale+log+math+mpi+multithreaded~nowide~numpy~pic+program_options~python+random+regex+serialization+shared+signals~singlethreaded+stacktrace+system~taggedlayout+test+thread+timer~type_erasure~url~versionedlayout~wave build_system=generic cxxstd=17 patches=a440f96 visibility=global arch=linux-ubuntu22.04-x86_64
[+]  z3theld      ^bzip2@1.0.8%gcc@11.4.0~debug~pic+shared build_system=generic arch=linux-ubuntu22.04-x86_64
[+]  dhrv3i7      ^dyninst@13.0.0%gcc@11.4.0~ipo+openmp~stat_dysect~static build_system=cmake build_type=Release generator=make arch=linux-ubuntu22.04-x86_64
[+]  gxefqu2      ^elfutils@0.190%gcc@11.4.0~debuginfod+exeprefix~nls build_system=autotools arch=linux-ubuntu22.04-x86_64
[+]  b4oniq3      ^hpcviewer@2024.09%gcc@11.4.0 build_system=generic arch=linux-ubuntu22.04-x86_64
[+]  z47fwji      ^intel-tbb@2021.12.0%gcc@11.4.0~ipo+shared+tm build_system=cmake build_type=Release cxxstd=default generator=make arch=linux-ubuntu22.04-x86_64
[+]  dquafn4      ^intel-xed@2024.05.20%gcc@11.4.0~debug+deprecated-includes~examples+optimize+pic build_system=generic arch=linux-ubuntu22.04-x86_64
[+]  fhehdjt      ^libiberty@2.41%gcc@11.4.0+pic build_system=autotools arch=linux-ubuntu22.04-x86_64
[+]  6aveqvy      ^libmonitor@2023.03.15%gcc@11.4.0~commrank~dlopen+hpctoolkit build_system=autotools arch=linux-ubuntu22.04-x86_64
[+]  ph674jg      ^libtool@2.4.7%gcc@11.4.0 build_system=autotools arch=linux-ubuntu22.04-x86_64
[+]  tqs5zm2          ^findutils@4.9.0%gcc@11.4.0 build_system=autotools patches=440b954 arch=linux-ubuntu22.04-x86_64
[e]  n2p53ym      ^rocprofiler-dev@6.2.1%gcc@11.4.0 build_system=cmake build_type=Release generator=make patches=9f49746 arch=linux-ubuntu22.04-x86_64
[e]  iaijddx      ^roctracer-dev@4.5.3%gcc@11.4.0~asan~rocm build_system=cmake build_type=Release generator=make arch=linux-ubuntu22.04-x86_64
[+]  s3ci77i      ^xerces-c@3.2.5%gcc@11.4.0 build_system=autotools cxxstd=default netaccessor=curl transcoder=iconv arch=linux-ubuntu22.04-x86_64
[+]  lpgu4yg      ^xz@5.4.6%gcc@11.4.0+pic build_system=autotools libs=shared,static arch=linux-ubuntu22.04-x86_64
[+]  otd4mh3      ^yaml-cpp@0.8.0%gcc@11.4.0~ipo+pic+shared~tests build_system=cmake build_type=Release generator=make arch=linux-ubuntu22.04-x86_64
[+]  6s7cgpm      ^zlib-ng@2.2.1%gcc@11.4.0+compat+new_strategies+opt+pic+shared build_system=autotools arch=linux-ubuntu22.04-x86_64
[+]  vbdt36t  hpx@1.10.0%gcc@11.4.0~async_cuda~async_mpi~cuda~examples~generic_coroutines~ipo+rocm~tools amdgpu_target=gfx908 build_system=cmake build_type=Release cxxstd=17 generator=ninja instrumentation=none malloc=tcmalloc max_cpu_count=auto networking=tcp arch=linux-ubuntu22.04-x86_64
[+]  hjyxxpr      ^asio@1.16.1%gcc@11.4.0~boost_coroutine~boost_regex~separate_compilation build_system=autotools cxxstd=17 arch=linux-ubuntu22.04-x86_64
[+]  vlr44st      ^boost@1.79.0%gcc@11.4.0+atomic+chrono~clanglibcpp+container~context~contract~coroutine+date_time~debug+exception~fiber+filesystem+graph~graph_parallel~icu+iostreams~json+locale+log+math+mpi+multithreaded~nowide~numpy~pic+program_options~python+random+regex+serialization+shared+signals~singlethreaded+stacktrace+system~taggedlayout+test+thread+timer~type_erasure~url~versionedlayout+wave build_system=generic cxxstd=17 patches=a440f96 visibility=global arch=linux-ubuntu22.04-x86_64
[+]  qzhhj7y          ^zstd@1.5.6%gcc@11.4.0+programs build_system=makefile compression=none libs=shared,static arch=linux-ubuntu22.04-x86_64
[+]  ffa4c5o      ^git@2.45.2%gcc@11.4.0+man+nls+perl+subtree~svn~tcltk build_system=autotools arch=linux-ubuntu22.04-x86_64
[+]  7ieo6zx          ^gettext@0.22.5%gcc@11.4.0+bzip2+curses+git~libunistring+libxml2+pic+shared+tar+xz build_system=autotools arch=linux-ubuntu22.04-x86_64
[+]  l4w65sq              ^tar@1.34%gcc@11.4.0 build_system=autotools zip=pigz arch=linux-ubuntu22.04-x86_64
[+]  swpsr4f                  ^pigz@2.8%gcc@11.4.0 build_system=makefile arch=linux-ubuntu22.04-x86_64
[+]  jzel4ac          ^libidn2@2.3.7%gcc@11.4.0 build_system=autotools arch=linux-ubuntu22.04-x86_64
[+]  yo7or2c              ^libunistring@1.2%gcc@11.4.0 build_system=autotools arch=linux-ubuntu22.04-x86_64
[+]  h43wqeo          ^openssh@9.8p1%gcc@11.4.0+gssapi build_system=autotools arch=linux-ubuntu22.04-x86_64
[+]  smfjp44              ^krb5@1.21.3%gcc@11.4.0+shared build_system=autotools arch=linux-ubuntu22.04-x86_64
[+]  m5vrkrf              ^libedit@3.1-20240808%gcc@11.4.0 build_system=autotools arch=linux-ubuntu22.04-x86_64
[+]  dub6jma              ^libxcrypt@4.4.35%gcc@11.4.0~obsolete_api build_system=autotools patches=4885da3 arch=linux-ubuntu22.04-x86_64
[+]  jj6jo36          ^openssl@3.3.1%gcc@11.4.0~docs+shared build_system=generic certs=mozilla arch=linux-ubuntu22.04-x86_64
[+]  izb4xkb              ^ca-certificates-mozilla@2023-05-30%gcc@11.4.0 build_system=generic arch=linux-ubuntu22.04-x86_64
[+]  fewtvcx          ^pcre2@10.44%gcc@11.4.0~jit+multibyte build_system=autotools arch=linux-ubuntu22.04-x86_64
[+]  6yowe5q      ^gperftools@2.15%gcc@11.4.0+debugalloc~dynamic_sized_delete_support~ipo+libunwind~sized_delete build_system=cmake build_type=Release generator=make arch=linux-ubuntu22.04-x86_64
[+]  mvso3gn      ^hwloc@2.11.1%gcc@11.4.0~cairo~cuda~gl~libudev+libxml2~nvml~oneapi-level-zero~opencl+pci~rocm build_system=autotools libs=shared,static arch=linux-ubuntu22.04-x86_64
[+]  s3avzkb          ^libpciaccess@0.17%gcc@11.4.0 build_system=autotools arch=linux-ubuntu22.04-x86_64
[+]  5inuwwz      ^ninja@1.12.1%gcc@11.4.0+re2c build_system=generic arch=linux-ubuntu22.04-x86_64
[+]  rxfxl6f          ^re2c@3.1%gcc@11.4.0 build_system=autotools arch=linux-ubuntu22.04-x86_64
[+]  lhcvmyo      ^pkgconf@2.2.0%gcc@11.4.0 build_system=autotools arch=linux-ubuntu22.04-x86_64
[+]  krc72qm  hpx@1.10.0%gcc@11.4.0~async_cuda~async_mpi~cuda~examples~generic_coroutines~ipo+rocm~tools amdgpu_target=gfx90a build_system=cmake build_type=Release cxxstd=17 generator=ninja instrumentation=none malloc=tcmalloc max_cpu_count=auto networking=tcp arch=linux-ubuntu22.04-x86_64
[+]  bqta7v2  hpx@1.10.0%gcc@11.4.0~async_cuda~async_mpi~cuda~examples~generic_coroutines~ipo+rocm~tools amdgpu_target=gfx942 build_system=cmake build_type=Release cxxstd=17 generator=ninja instrumentation=none malloc=tcmalloc max_cpu_count=auto networking=tcp arch=linux-ubuntu22.04-x86_64
[+]  l4gfcaf  hypre@2.32.0%gcc@11.4.0~caliper~complex~cublas~cuda~debug+fortran~gptune~gpu-aware-mpi~int64~internal-superlu~magma~mixedint+mpi~openmp~rocblas+rocm+shared~superlu-dist~sycl~umpire~unified-memory amdgpu_target=gfx908 build_system=autotools precision=double arch=linux-ubuntu22.04-x86_64
[+]  nity5dj      ^openblas@0.3.28%gcc@11.4.0~bignuma~consistent_fpcsr+dynamic_dispatch+fortran~ilp64+locking+pic+shared build_system=makefile patches=d0b9276 symbol_suffix=none threads=openmp arch=linux-ubuntu22.04-x86_64
[e]  u6pjssw      ^rocsparse@6.2.1%gcc@11.4.0~asan~test amdgpu_target=auto build_system=cmake build_type=Release generator=make arch=linux-ubuntu22.04-x86_64
[+]  shkhii7  hypre@2.32.0%gcc@11.4.0~caliper~complex~cublas~cuda~debug+fortran~gptune~gpu-aware-mpi~int64~internal-superlu~magma~mixedint+mpi~openmp~rocblas+rocm+shared~superlu-dist~sycl~umpire~unified-memory amdgpu_target=gfx90a build_system=autotools precision=double arch=linux-ubuntu22.04-x86_64
[+]  nuayffe  hypre@2.32.0%gcc@11.4.0~caliper~complex~cublas~cuda~debug+fortran~gptune~gpu-aware-mpi~int64~internal-superlu~magma~mixedint+mpi~openmp~rocblas+rocm+shared~superlu-dist~sycl~umpire~unified-memory amdgpu_target=gfx942 build_system=autotools precision=double arch=linux-ubuntu22.04-x86_64
[+]  aoru2kp  kokkos@4.4.01%gcc@11.4.0~aggressive_vectorization~compiler_warnings~cuda~debug~debug_bounds_check~debug_dualview_modify_check~deprecated_code~examples~hpx~hpx_async_dispatch~hwloc~ipo~memkind~numactl~openmp~openmptarget~pic+rocm+serial+shared~sycl~tests~threads~tuning~wrapper amdgpu_target=gfx908 build_system=cmake build_type=Release cxxstd=17 generator=make intel_gpu_arch=none arch=linux-ubuntu22.04-x86_64
[+]  7hstg7w  kokkos@4.4.01%gcc@11.4.0~aggressive_vectorization~compiler_warnings~cuda~debug~debug_bounds_check~debug_dualview_modify_check~deprecated_code~examples~hpx~hpx_async_dispatch~hwloc~ipo~memkind~numactl~openmp~openmptarget~pic+rocm+serial+shared~sycl~tests~threads~tuning~wrapper amdgpu_target=gfx90a build_system=cmake build_type=Release cxxstd=17 generator=make intel_gpu_arch=none arch=linux-ubuntu22.04-x86_64
[+]  74obwkc  kokkos@4.4.01%gcc@11.4.0~aggressive_vectorization~compiler_warnings~cuda~debug~debug_bounds_check~debug_dualview_modify_check~deprecated_code~examples~hpx~hpx_async_dispatch~hwloc~ipo~memkind~numactl~openmp~openmptarget~pic+rocm+serial+shared~sycl~tests~threads~tuning~wrapper amdgpu_target=gfx942 build_system=cmake build_type=Release cxxstd=17 generator=make intel_gpu_arch=none arch=linux-ubuntu22.04-x86_64
[+]  s2zn4lw  legion@24.09.0%gcc@11.4.0~bindings~bounds_checks~cuda~cuda_hijack~cuda_unsupported_compiler~fortran~gc~hdf5~hip_hijack~hwloc~ipo~kokkos+libdl~openmp~papi~privilege_checks~prof~python~redop_complex~redop_half+rocm~shared~spy~sysomp+zlib amdgpu_target=gfx908 build_system=cmake build_type=Release cuda_arch=70 cxxstd=17 generator=make hip_target=ROCM max_dims=3 max_fields=512 max_num_nodes=1024 network=none output_level=warning arch=linux-ubuntu22.04-x86_64
[+]  y4kjzns  legion@24.09.0%gcc@11.4.0~bindings~bounds_checks~cuda~cuda_hijack~cuda_unsupported_compiler~fortran~gc~hdf5~hip_hijack~hwloc~ipo~kokkos+libdl~openmp~papi~privilege_checks~prof~python~redop_complex~redop_half+rocm~shared~spy~sysomp+zlib amdgpu_target=gfx90a build_system=cmake build_type=Release cuda_arch=70 cxxstd=17 generator=make hip_target=ROCM max_dims=3 max_fields=512 max_num_nodes=1024 network=none output_level=warning arch=linux-ubuntu22.04-x86_64
[+]  srhh6rz  legion@24.09.0%gcc@11.4.0~bindings~bounds_checks~cuda~cuda_hijack~cuda_unsupported_compiler~fortran~gc~hdf5~hip_hijack~hwloc~ipo~kokkos+libdl~openmp~papi~privilege_checks~prof~python~redop_complex~redop_half+rocm~shared~spy~sysomp+zlib amdgpu_target=gfx942 build_system=cmake build_type=Release cuda_arch=70 cxxstd=17 generator=make hip_target=ROCM max_dims=3 max_fields=512 max_num_nodes=1024 network=none output_level=warning arch=linux-ubuntu22.04-x86_64
[+]  oewceqq  magma@2.8.0%gcc@11.4.0~cuda+fortran~ipo+rocm+shared amdgpu_target=gfx908 build_system=cmake build_type=Release generator=make arch=linux-ubuntu22.04-x86_64
[e]  j2gp5ac      ^rocm-core@6.2.1%gcc@11.4.0~asan build_system=cmake build_type=Release generator=make arch=linux-ubuntu22.04-x86_64
[+]  2k6w6zj  magma@2.8.0%gcc@11.4.0~cuda+fortran~ipo+rocm+shared amdgpu_target=gfx90a build_system=cmake build_type=Release generator=make arch=linux-ubuntu22.04-x86_64
[+]  srw4u7l  magma@2.8.0%gcc@11.4.0~cuda+fortran~ipo+rocm+shared amdgpu_target=gfx942 build_system=cmake build_type=Release generator=make arch=linux-ubuntu22.04-x86_64
[+]  imkyd6b  mfem@4.7.0%gcc@11.4.0~amgx~conduit~cuda~debug~examples~exceptions~fms~ginkgo~gnutls~gslib~hiop~lapack~libceed~libunwind+metis~miniapps~mpfr+mpi~mumps~netcdf~occa~openmp~petsc~pumi~raja+rocm~shared~slepc+static~strumpack~suite-sparse~sundials~superlu-dist~threadsafe~umpire+zlib amdgpu_target=gfx908 build_system=generic cxxstd=auto patches=71ce9ee precision=double timer=auto arch=linux-ubuntu22.04-x86_64
[+]  sew4h3f      ^hypre@2.32.0%gcc@11.4.0~caliper~complex~cublas~cuda~debug+fortran~gptune~gpu-aware-mpi~int64~internal-superlu~magma~mixedint+mpi~openmp~rocblas~rocm+shared~superlu-dist~sycl~umpire~unified-memory build_system=autotools precision=double arch=linux-ubuntu22.04-x86_64
[+]  iubhr4d      ^metis@5.1.0%gcc@11.4.0~gdb~int64~ipo~real64+shared build_system=cmake build_type=Release generator=make patches=4991da9,93a7903,b1225da arch=linux-ubuntu22.04-x86_64
[+]  2mnibtk  mfem@4.7.0%gcc@11.4.0~amgx~conduit~cuda~debug~examples~exceptions~fms~ginkgo~gnutls~gslib~hiop~lapack~libceed~libunwind+metis~miniapps~mpfr+mpi~mumps~netcdf~occa~openmp~petsc~pumi~raja+rocm~shared~slepc+static~strumpack~suite-sparse~sundials~superlu-dist~threadsafe~umpire+zlib amdgpu_target=gfx90a build_system=generic cxxstd=auto patches=71ce9ee precision=double timer=auto arch=linux-ubuntu22.04-x86_64
[+]  tmallwb  mfem@4.7.0%gcc@11.4.0~amgx~conduit~cuda~debug~examples~exceptions~fms~ginkgo~gnutls~gslib~hiop~lapack~libceed~libunwind+metis~miniapps~mpfr+mpi~mumps~netcdf~occa~openmp~petsc~pumi~raja+rocm~shared~slepc+static~strumpack~suite-sparse~sundials~superlu-dist~threadsafe~umpire+zlib amdgpu_target=gfx942 build_system=generic cxxstd=auto patches=71ce9ee precision=double timer=auto arch=linux-ubuntu22.04-x86_64
[+]  fuugvea  petsc@3.22.0%gcc@11.4.0~X~batch~cgns~complex~cuda~debug+double~exodusii~fftw+fortran~giflib+hdf5~hpddm~hwloc+hypre~int64~jpeg~knl~kokkos~libpng~libyaml~memkind+metis~mkl-pardiso~mmg~moab~mpfr+mpi~mumps~openmp~p4est~parmmg~ptscotch~random123+rocm~saws~scalapack+shared~strumpack~suite-sparse+superlu-dist~sycl~tetgen~trilinos~valgrind~zoltan amdgpu_target=gfx908 build_system=generic clanguage=C memalign=none arch=linux-ubuntu22.04-x86_64
[+]  x2csam3      ^diffutils@3.10%gcc@11.4.0 build_system=autotools arch=linux-ubuntu22.04-x86_64
[+]  6hqiqdn      ^hdf5@1.14.5%gcc@11.4.0~cxx+fortran+hl~ipo~java~map+mpi+shared~subfiling~szip~threadsafe+tools api=default build_system=cmake build_type=Release generator=make arch=linux-ubuntu22.04-x86_64
[e]  4t34g47      ^hipsolver@6.2.1%gcc@11.4.0~asan~cuda+rocm amdgpu_target=auto build_system=cmake build_type=Release generator=make patches=d9ef5be arch=linux-ubuntu22.04-x86_64
[+]  fxilu3b      ^parmetis@4.0.3%gcc@11.4.0~gdb~int64~ipo+shared build_system=cmake build_type=Release generator=make patches=4f89253,50ed208,704b84f arch=linux-ubuntu22.04-x86_64
[e]  xfpd4a4      ^rocblas@6.2.1%gcc@11.4.0~asan+tensile amdgpu_target=auto build_system=cmake build_type=Release generator=make arch=linux-ubuntu22.04-x86_64
[e]  gt7zshm      ^rocsolver@6.2.1%gcc@11.4.0~asan+optimal amdgpu_target=auto build_system=cmake build_type=Release generator=make arch=linux-ubuntu22.04-x86_64
[+]  lulhi7h      ^superlu-dist@8.2.1%gcc@11.4.0~cuda~int64~ipo~openmp+parmetis~rocm+shared build_system=cmake build_type=Release generator=make arch=linux-ubuntu22.04-x86_64
[+]  qjfcbxy  petsc@3.22.0%gcc@11.4.0~X~batch~cgns~complex~cuda~debug+double~exodusii~fftw+fortran~giflib+hdf5~hpddm~hwloc+hypre~int64~jpeg~knl~kokkos~libpng~libyaml~memkind+metis~mkl-pardiso~mmg~moab~mpfr+mpi~mumps~openmp~p4est~parmmg~ptscotch~random123+rocm~saws~scalapack+shared~strumpack~suite-sparse+superlu-dist~sycl~tetgen~trilinos~valgrind~zoltan amdgpu_target=gfx90a build_system=generic clanguage=C memalign=none arch=linux-ubuntu22.04-x86_64
[+]  hsnuguj  petsc@3.22.0%gcc@11.4.0~X~batch~cgns~complex~cuda~debug+double~exodusii~fftw+fortran~giflib+hdf5~hpddm~hwloc+hypre~int64~jpeg~knl~kokkos~libpng~libyaml~memkind+metis~mkl-pardiso~mmg~moab~mpfr+mpi~mumps~openmp~p4est~parmmg~ptscotch~random123+rocm~saws~scalapack+shared~strumpack~suite-sparse+superlu-dist~sycl~tetgen~trilinos~valgrind~zoltan amdgpu_target=gfx942 build_system=generic clanguage=C memalign=none arch=linux-ubuntu22.04-x86_64
[+]  qhflqan  raja@2024.07.0%gcc@11.4.0~cuda~desul+examples+exercises~ipo~omptarget~omptask~openmp+plugins+rocm~run-all-tests~shared~sycl~tests~vectorization amdgpu_target=gfx908 build_system=cmake build_type=Release generator=make arch=linux-ubuntu22.04-x86_64
[+]  r7vkzaq      ^camp@2024.07.0%gcc@11.4.0~cuda~ipo~omptarget~openmp+rocm~sycl~tests amdgpu_target=gfx908 build_system=cmake build_type=Release generator=make arch=linux-ubuntu22.04-x86_64
[+]  7vnswkv  raja@2024.07.0%gcc@11.4.0~cuda~desul+examples+exercises~ipo~omptarget~omptask~openmp+plugins+rocm~run-all-tests~shared~sycl~tests~vectorization amdgpu_target=gfx90a build_system=cmake build_type=Release generator=make arch=linux-ubuntu22.04-x86_64
[+]  g7bi7wn      ^camp@2024.07.0%gcc@11.4.0~cuda~ipo~omptarget~openmp+rocm~sycl~tests amdgpu_target=gfx90a build_system=cmake build_type=Release generator=make arch=linux-ubuntu22.04-x86_64
[+]  zequy3o  raja@2024.07.0%gcc@11.4.0~cuda~desul+examples+exercises~ipo~omptarget~omptask~openmp+plugins+rocm~run-all-tests~shared~sycl~tests~vectorization amdgpu_target=gfx942 build_system=cmake build_type=Release generator=make arch=linux-ubuntu22.04-x86_64
[+]  bnsyuss      ^camp@2024.07.0%gcc@11.4.0~cuda~ipo~omptarget~openmp+rocm~sycl~tests amdgpu_target=gfx942 build_system=cmake build_type=Release generator=make arch=linux-ubuntu22.04-x86_64
[+]  par7bms  slate@2024.05.31%gcc@11.4.0~cuda~ipo+mpi+openmp+rocm+shared~sycl amdgpu_target=gfx908 build_system=cmake build_type=Release generator=make arch=linux-ubuntu22.04-x86_64
[+]  wiglia6      ^blaspp@2024.05.31%gcc@11.4.0~cuda~ipo+openmp+rocm+shared~sycl amdgpu_target=gfx908 build_system=cmake build_type=Release generator=make arch=linux-ubuntu22.04-x86_64
[e]  5ubrohq      ^comgr@6.2.1%gcc@11.4.0~asan build_system=cmake build_type=Release generator=make arch=linux-ubuntu22.04-x86_64
[+]  qcmjvjl      ^lapackpp@2024.05.31%gcc@11.4.0~cuda~ipo+rocm+shared~sycl amdgpu_target=gfx908 build_system=cmake build_type=Release generator=make arch=linux-ubuntu22.04-x86_64
[+]  esxj4mx  slate@2024.05.31%gcc@11.4.0~cuda~ipo+mpi+openmp+rocm+shared~sycl amdgpu_target=gfx90a build_system=cmake build_type=Release generator=make arch=linux-ubuntu22.04-x86_64
[+]  5iyticb      ^blaspp@2024.05.31%gcc@11.4.0~cuda~ipo+openmp+rocm+shared~sycl amdgpu_target=gfx90a build_system=cmake build_type=Release generator=make arch=linux-ubuntu22.04-x86_64
[+]  jujbbam      ^lapackpp@2024.05.31%gcc@11.4.0~cuda~ipo+rocm+shared~sycl amdgpu_target=gfx90a build_system=cmake build_type=Release generator=make arch=linux-ubuntu22.04-x86_64
[+]  pv674yj  slate@2024.05.31%gcc@11.4.0~cuda~ipo+mpi+openmp+rocm+shared~sycl amdgpu_target=gfx942 build_system=cmake build_type=Release generator=make arch=linux-ubuntu22.04-x86_64
[+]  pbaatxi      ^blaspp@2024.05.31%gcc@11.4.0~cuda~ipo+openmp+rocm+shared~sycl amdgpu_target=gfx942 build_system=cmake build_type=Release generator=make arch=linux-ubuntu22.04-x86_64
[+]  tvmns3g      ^lapackpp@2024.05.31%gcc@11.4.0~cuda~ipo+rocm+shared~sycl amdgpu_target=gfx942 build_system=cmake build_type=Release generator=make arch=linux-ubuntu22.04-x86_64
[+]  eaxtnrx  slepc@3.22.0%gcc@11.4.0+arpack~blopex~cuda~hpddm+rocm amdgpu_target=gfx908 build_system=generic arch=linux-ubuntu22.04-x86_64
[+]  cu3xyp2      ^arpack-ng@3.9.0%gcc@11.4.0~icb~ipo+mpi+shared build_system=cmake build_type=Release generator=make arch=linux-ubuntu22.04-x86_64
[+]  hfhugv3  slepc@3.22.0%gcc@11.4.0+arpack~blopex~cuda~hpddm+rocm amdgpu_target=gfx90a build_system=generic arch=linux-ubuntu22.04-x86_64
[+]  2atxwhc  slepc@3.22.0%gcc@11.4.0+arpack~blopex~cuda~hpddm+rocm amdgpu_target=gfx942 build_system=generic arch=linux-ubuntu22.04-x86_64
[+]  vnpfmuz  strumpack@7.2.0%gcc@11.4.0+butterflypack+c_interface~count_flops~cuda~ipo~magma+mpi+openmp+parmetis+rocm~scotch+shared~slate~task_timers+zfp amdgpu_target=gfx908 build_system=cmake build_type=Release generator=make arch=linux-ubuntu22.04-x86_64
[+]  fxwv7xe      ^butterflypack@2.4.0%gcc@11.4.0~ipo+openmp+shared build_system=cmake build_type=Release generator=make arch=linux-ubuntu22.04-x86_64
[+]  il6qveb          ^sed@4.9%gcc@11.4.0 build_system=autotools arch=linux-ubuntu22.04-x86_64
[+]  zdskhgr      ^netlib-scalapack@2.2.0%gcc@11.4.0~ipo~pic+shared build_system=cmake build_type=Release generator=make patches=072b006,1c9ce5f,244a9aa arch=linux-ubuntu22.04-x86_64
[+]  vgp33ou      ^zfp@1.0.0%gcc@11.4.0~aligned~c~cuda~daz~fasthash~fortran~ipo~openmp~profile~python+shared~strided~tight-error~twoway+utilities bsws=64 build_system=cmake build_type=Release generator=make round=never arch=linux-ubuntu22.04-x86_64
[+]  bpsjlie  strumpack@7.2.0%gcc@11.4.0+butterflypack+c_interface~count_flops~cuda~ipo~magma+mpi+openmp+parmetis+rocm~scotch+shared~slate~task_timers+zfp amdgpu_target=gfx90a build_system=cmake build_type=Release generator=make arch=linux-ubuntu22.04-x86_64
[+]  icgwsv3  strumpack@7.2.0%gcc@11.4.0+butterflypack+c_interface~count_flops~cuda~ipo~magma+mpi+openmp+parmetis+rocm~scotch+shared~slate~task_timers+zfp amdgpu_target=gfx942 build_system=cmake build_type=Release generator=make arch=linux-ubuntu22.04-x86_64
[+]  eppz3yd  sundials@7.1.1%gcc@11.4.0+ARKODE+CVODE+CVODES+IDA+IDAS+KINSOL~cuda+examples+examples-install~f2003~fcmix~ginkgo~hypre~int64~ipo~klu~kokkos~kokkos-kernels~lapack~magma~monitoring+mpi~openmp~petsc~profiling~pthread~raja+rocm+shared+static~superlu-dist~superlu-mt~sycl~trilinos amdgpu_target=gfx908 build_system=cmake build_type=Release cstd=99 cxxstd=14 generator=make logging-level=2 precision=double arch=linux-ubuntu22.04-x86_64
[+]  t2hh7uw  sundials@7.1.1%gcc@11.4.0+ARKODE+CVODE+CVODES+IDA+IDAS+KINSOL~cuda+examples+examples-install~f2003~fcmix~ginkgo~hypre~int64~ipo~klu~kokkos~kokkos-kernels~lapack~magma~monitoring+mpi~openmp~petsc~profiling~pthread~raja+rocm+shared+static~superlu-dist~superlu-mt~sycl~trilinos amdgpu_target=gfx90a build_system=cmake build_type=Release cstd=99 cxxstd=14 generator=make logging-level=2 precision=double arch=linux-ubuntu22.04-x86_64
[+]  p7ksvch  sundials@7.1.1%gcc@11.4.0+ARKODE+CVODE+CVODES+IDA+IDAS+KINSOL~cuda+examples+examples-install~f2003~fcmix~ginkgo~hypre~int64~ipo~klu~kokkos~kokkos-kernels~lapack~magma~monitoring+mpi~openmp~petsc~profiling~pthread~raja+rocm+shared+static~superlu-dist~superlu-mt~sycl~trilinos amdgpu_target=gfx942 build_system=cmake build_type=Release cstd=99 cxxstd=14 generator=make logging-level=2 precision=double arch=linux-ubuntu22.04-x86_64
[+]  efesd62  superlu-dist@8.2.1%gcc@11.4.0~cuda~int64~ipo~openmp+parmetis+rocm+shared amdgpu_target=gfx908 build_system=cmake build_type=Release generator=make arch=linux-ubuntu22.04-x86_64
[+]  7kynlrm  superlu-dist@8.2.1%gcc@11.4.0~cuda~int64~ipo~openmp+parmetis+rocm+shared amdgpu_target=gfx90a build_system=cmake build_type=Release generator=make arch=linux-ubuntu22.04-x86_64
[+]  nkfklrk  superlu-dist@8.2.1%gcc@11.4.0~cuda~int64~ipo~openmp+parmetis+rocm+shared amdgpu_target=gfx942 build_system=cmake build_type=Release generator=make arch=linux-ubuntu22.04-x86_64
[+]  kz2kntl  tasmanian@8.0%gcc@11.4.0~blas~cuda~fortran~ipo~magma+mpi~openmp~python+rocm~xsdkflags amdgpu_target=gfx908 build_system=cmake build_type=Release generator=make patches=8b8d74c arch=linux-ubuntu22.04-x86_64
[+]  fqn656b  tasmanian@8.0%gcc@11.4.0~blas~cuda~fortran~ipo~magma+mpi~openmp~python+rocm~xsdkflags amdgpu_target=gfx90a build_system=cmake build_type=Release generator=make patches=8b8d74c arch=linux-ubuntu22.04-x86_64
[+]  otxkq6r  tasmanian@8.0%gcc@11.4.0~blas~cuda~fortran~ipo~magma+mpi~openmp~python+rocm~xsdkflags amdgpu_target=gfx942 build_system=cmake build_type=Release generator=make patches=8b8d74c arch=linux-ubuntu22.04-x86_64
[+]  j6uqy5o  tau@2.34%gcc@11.4.0~adios2+binutils~comm~craycnl~cuda~disable-no-pie~dyninst+elf+fortran~gasnet+io~level_zero+libdwarf+libunwind+mpi~ompt~opari~opencl~openmp+otf2+papi+pdt~phase~ppc64le~profileparam+pthreads~python+rocm+rocprofiler~rocprofv2~roctracer~scorep~shmem~sqlite+syscall~x86_64 build_system=generic arch=linux-ubuntu22.04-x86_64
[+]  4yy5lrm      ^binutils@2.43.1%gcc@11.4.0~gas+gold~gprofng+headers~interwork+ld+libiberty~lto~nls~pgo+plugins build_system=autotools compress_debug_sections=zlib libs=shared,static arch=linux-ubuntu22.04-x86_64
[+]  pzabzmf      ^libdwarf@0.11.0%gcc@11.4.0+decompression+dwarfdump~dwarfgen~examples~ipo+pic+shared build_system=cmake build_type=Release generator=make arch=linux-ubuntu22.04-x86_64
[+]  kyqo677      ^openjdk@17.0.11_9%gcc@11.4.0 build_system=generic arch=linux-ubuntu22.04-x86_64
[+]  5jpmhnw      ^otf2@3.0.3%gcc@11.4.0 build_system=autotools patches=7e56d93 arch=linux-ubuntu22.04-x86_64
[+]  njatamq      ^pdt@3.25.2%gcc@11.4.0~pic build_system=autotools arch=linux-ubuntu22.04-x86_64
[e]  vfzzvlg      ^rocm-smi-lib@6.2.1%gcc@11.4.0~asan+shared build_system=cmake build_type=Release generator=make patches=62be726 arch=linux-ubuntu22.04-x86_64
[+]  fhpsqid  trilinos@16.0.0%gcc@11.4.0~adelus~adios2+amesos+amesos2+anasazi+aztec~basker+belos+boost~chaco~complex~cuda~cuda_constexpr~cuda_rdc~debug~dtk+epetra+epetraext~epetraextbtf~epetraextexperimental~epetraextgraphreorderings~exodus+explicit_template_instantiation~float+fortran~gtest~hdf5~hypre+ifpack~ifpack2+intrepid+intrepid2~ipo+isorropia+kokkos~mesquite+minitensor+ml+mpi+muelu~mumps+nox~openmp~pamgen~panzer+phalanx+piro~python+rocm~rocm_rdc+rol+rythmos+sacado~scorec+shards+shared+shylu+stk~stokhos+stratimikos~strumpack~suite-sparse~superlu+superlu-dist+teko+tempus~test+thyra+tpetra+trilinoscouplings~wrapper~x11+zoltan+zoltan2 amdgpu_target=gfx908 build_system=cmake build_type=Release cxxstd=17 generator=make gotype=long_long arch=linux-ubuntu22.04-x86_64
[+]  hrsypff      ^kokkos@4.3.01%gcc@11.4.0~aggressive_vectorization~compiler_warnings~cuda~debug~debug_bounds_check~debug_dualview_modify_check~deprecated_code~examples~hpx~hpx_async_dispatch~hwloc~ipo~memkind~numactl~openmp~openmptarget~pic+rocm+serial+shared~sycl~tests~threads~tuning~wrapper amdgpu_target=gfx908 build_system=cmake build_type=Release cxxstd=17 generator=make intel_gpu_arch=none arch=linux-ubuntu22.04-x86_64
[+]  unlfxat  trilinos@16.0.0%gcc@11.4.0~adelus~adios2+amesos+amesos2+anasazi+aztec~basker+belos+boost~chaco~complex~cuda~cuda_constexpr~cuda_rdc~debug~dtk+epetra+epetraext~epetraextbtf~epetraextexperimental~epetraextgraphreorderings~exodus+explicit_template_instantiation~float+fortran~gtest~hdf5~hypre+ifpack~ifpack2+intrepid+intrepid2~ipo+isorropia+kokkos~mesquite+minitensor+ml+mpi+muelu~mumps+nox~openmp~pamgen~panzer+phalanx+piro~python+rocm~rocm_rdc+rol+rythmos+sacado~scorec+shards+shared+shylu+stk~stokhos+stratimikos~strumpack~suite-sparse~superlu+superlu-dist+teko+tempus~test+thyra+tpetra+trilinoscouplings~wrapper~x11+zoltan+zoltan2 amdgpu_target=gfx90a build_system=cmake build_type=Release cxxstd=17 generator=make gotype=long_long arch=linux-ubuntu22.04-x86_64
[+]  jxlekwx      ^kokkos@4.3.01%gcc@11.4.0~aggressive_vectorization~compiler_warnings~cuda~debug~debug_bounds_check~debug_dualview_modify_check~deprecated_code~examples~hpx~hpx_async_dispatch~hwloc~ipo~memkind~numactl~openmp~openmptarget~pic+rocm+serial+shared~sycl~tests~threads~tuning~wrapper amdgpu_target=gfx90a build_system=cmake build_type=Release cxxstd=17 generator=make intel_gpu_arch=none arch=linux-ubuntu22.04-x86_64
[+]  y4chpan  trilinos@16.0.0%gcc@11.4.0~adelus~adios2+amesos+amesos2+anasazi+aztec~basker+belos+boost~chaco~complex~cuda~cuda_constexpr~cuda_rdc~debug~dtk+epetra+epetraext~epetraextbtf~epetraextexperimental~epetraextgraphreorderings~exodus+explicit_template_instantiation~float+fortran~gtest~hdf5~hypre+ifpack~ifpack2+intrepid+intrepid2~ipo+isorropia+kokkos~mesquite+minitensor+ml+mpi+muelu~mumps+nox~openmp~pamgen~panzer+phalanx+piro~python+rocm~rocm_rdc+rol+rythmos+sacado~scorec+shards+shared+shylu+stk~stokhos+stratimikos~strumpack~suite-sparse~superlu+superlu-dist+teko+tempus~test+thyra+tpetra+trilinoscouplings~wrapper~x11+zoltan+zoltan2 amdgpu_target=gfx942 build_system=cmake build_type=Release cxxstd=17 generator=make gotype=long_long arch=linux-ubuntu22.04-x86_64
[+]  firz3ri      ^kokkos@4.3.01%gcc@11.4.0~aggressive_vectorization~compiler_warnings~cuda~debug~debug_bounds_check~debug_dualview_modify_check~deprecated_code~examples~hpx~hpx_async_dispatch~hwloc~ipo~memkind~numactl~openmp~openmptarget~pic+rocm+serial+shared~sycl~tests~threads~tuning~wrapper amdgpu_target=gfx942 build_system=cmake build_type=Release cxxstd=17 generator=make intel_gpu_arch=none arch=linux-ubuntu22.04-x86_64
[+]  xy4celt  umpire@2024.07.0%gcc@11.4.0~asan~backtrace+c~cuda~dev_benchmarks~device_alloc~deviceconst~examples+fmt_header_only~fortran~ipc_shmem~ipo+mpi~numa~omptarget~openmp+rocm~sanitizer_tests+shared~sqlite_experimental~tools~werror amdgpu_target=gfx908 build_system=cmake build_type=Release generator=make tests=none arch=linux-ubuntu22.04-x86_64
[+]  4unujxv      ^fmt@11.0.2%gcc@11.4.0~ipo+pic~shared build_system=cmake build_type=Release cxxstd=11 generator=make arch=linux-ubuntu22.04-x86_64
[+]  ajg5okq  umpire@2024.07.0%gcc@11.4.0~asan~backtrace+c~cuda~dev_benchmarks~device_alloc~deviceconst~examples+fmt_header_only~fortran~ipc_shmem~ipo+mpi~numa~omptarget~openmp+rocm~sanitizer_tests+shared~sqlite_experimental~tools~werror amdgpu_target=gfx90a build_system=cmake build_type=Release generator=make tests=none arch=linux-ubuntu22.04-x86_64
[+]  r7lb7rf  umpire@2024.07.0%gcc@11.4.0~asan~backtrace+c~cuda~dev_benchmarks~device_alloc~deviceconst~examples+fmt_header_only~fortran~ipc_shmem~ipo+mpi~numa~omptarget~openmp+rocm~sanitizer_tests+shared~sqlite_experimental~tools~werror amdgpu_target=gfx942 build_system=cmake build_type=Release generator=make tests=none arch=linux-ubuntu22.04-x86_64
[+]  47oqlno  upcxx@2023.9.0%gcc@11.4.0~cuda+gasnet~level_zero+mpi+rocm amdgpu_target=gfx908 build_system=generic cross=none patches=89a2eeb arch=linux-ubuntu22.04-x86_64
[+]  gwwe3qb      ^gasnet@2024.5.0%gcc@11.4.0~cuda~debug~level_zero~rocm build_system=generic conduits=none arch=linux-ubuntu22.04-x86_64
[+]  jqa7fng  upcxx@2023.9.0%gcc@11.4.0~cuda+gasnet~level_zero+mpi+rocm amdgpu_target=gfx90a build_system=generic cross=none patches=89a2eeb arch=linux-ubuntu22.04-x86_64
[+]  hfb3xs3  upcxx@2023.9.0%gcc@11.4.0~cuda+gasnet~level_zero+mpi+rocm amdgpu_target=gfx942 build_system=generic cross=none patches=89a2eeb arch=linux-ubuntu22.04-x86_64
[+]  iyggrul  vtk-m@2.2.0%gcc@11.4.0~64bitids~cuda+doubleprecision+examples~fpic~ipo+kokkos~logging+mpi~openmp+rendering+rocm~shared~sycl~tbb~testlib amdgpu_target=gfx942 build_system=cmake build_type=Release generator=make patches=2111608,34704cc,34f203b arch=linux-ubuntu22.04-x86_64

